This file contains any messages produced by compilers while
running configure, to aid debugging if configure makes a mistake.

It was created by configure, which was
generated by GNU Autoconf 2.68.  Invocation command line was

  $ ./configure 

## --------- ##
## Platform. ##
## --------- ##

hostname = immo-desktop
uname -m = x86_64
uname -r = 3.2.0-60-generic
uname -s = Linux
uname -v = #91-Ubuntu SMP Wed Feb 19 03:54:44 UTC 2014

/usr/bin/uname -p = unknown
/bin/uname -X     = unknown

/bin/arch              = unknown
/usr/bin/arch -k       = unknown
/usr/convex/getsysinfo = unknown
/usr/bin/hostinfo      = unknown
/bin/machine           = unknown
/usr/bin/oslevel       = unknown
/bin/universe          = unknown

PATH: /home/albrecht/bin
PATH: /usr/local/bin
PATH: /usr/bin
PATH: /bin
PATH: /usr/bin/X11
PATH: /usr/X11R6/bin
PATH: /usr/games
PATH: /usr/lib64/jvm/jre/bin


## ----------- ##
## Core tests. ##
## ----------- ##

configure:2281: checking build system type
configure:2295: result: x86_64-unknown-linux-gnu
configure:2315: checking host system type
configure:2328: result: x86_64-unknown-linux-gnu
configure:2441: checking for gcc
configure:2457: found /usr/bin/gcc
configure:2468: result: gcc
configure:2697: checking for C compiler version
configure:2706: gcc --version >&5
gcc (Ubuntu/Linaro 4.6.3-1ubuntu5) 4.6.3
Copyright (C) 2011 Free Software Foundation, Inc.
This is free software; see the source for copying conditions.  There is NO
warranty; not even for MERCHANTABILITY or FITNESS FOR A PARTICULAR PURPOSE.

configure:2717: $? = 0
configure:2706: gcc -v >&5
Using built-in specs.
COLLECT_GCC=gcc
COLLECT_LTO_WRAPPER=/usr/lib/gcc/x86_64-linux-gnu/4.6/lto-wrapper
Target: x86_64-linux-gnu
Configured with: ../src/configure -v --with-pkgversion='Ubuntu/Linaro 4.6.3-1ubuntu5' --with-bugurl=file:///usr/share/doc/gcc-4.6/README.Bugs --enable-languages=c,c++,fortran,objc,obj-c++ --prefix=/usr --program-suffix=-4.6 --enable-shared --enable-linker-build-id --with-system-zlib --libexecdir=/usr/lib --without-included-gettext --enable-threads=posix --with-gxx-include-dir=/usr/include/c++/4.6 --libdir=/usr/lib --enable-nls --with-sysroot=/ --enable-clocale=gnu --enable-libstdcxx-debug --enable-libstdcxx-time=yes --enable-gnu-unique-object --enable-plugin --enable-objc-gc --disable-werror --with-arch-32=i686 --with-tune=generic --enable-checking=release --build=x86_64-linux-gnu --host=x86_64-linux-gnu --target=x86_64-linux-gnu
Thread model: posix
gcc version 4.6.3 (Ubuntu/Linaro 4.6.3-1ubuntu5) 
configure:2717: $? = 0
configure:2706: gcc -V >&5
gcc: error: unrecognized option '-V'
gcc: fatal error: no input files
compilation terminated.
configure:2717: $? = 4
configure:2706: gcc -qversion >&5
gcc: error: unrecognized option '-qversion'
gcc: fatal error: no input files
compilation terminated.
configure:2717: $? = 4
configure:2737: checking whether the C compiler works
configure:2759: gcc  -D_GNU_SOURCE   conftest.c  >&5
configure:2763: $? = 0
configure:2811: result: yes
configure:2814: checking for C compiler default output file name
configure:2816: result: a.out
configure:2822: checking for suffix of executables
configure:2829: gcc -o conftest  -D_GNU_SOURCE   conftest.c  >&5
configure:2833: $? = 0
configure:2855: result: 
configure:2877: checking whether we are cross compiling
configure:2885: gcc -o conftest  -D_GNU_SOURCE   conftest.c  >&5
configure:2889: $? = 0
configure:2896: ./conftest
configure:2900: $? = 0
configure:2915: result: no
configure:2920: checking for suffix of object files
configure:2942: gcc -c  -D_GNU_SOURCE  conftest.c >&5
configure:2946: $? = 0
configure:2967: result: o
configure:2971: checking whether we are using the GNU C compiler
configure:2990: gcc -c  -D_GNU_SOURCE  conftest.c >&5
configure:2990: $? = 0
configure:2999: result: yes
configure:3008: checking whether gcc accepts -g
configure:3028: gcc -c -g  conftest.c >&5
configure:3028: $? = 0
configure:3069: result: yes
configure:3086: checking for gcc option to accept ISO C89
configure:3150: gcc  -c  -D_GNU_SOURCE  conftest.c >&5
configure:3150: $? = 0
configure:3163: result: none needed
configure:3188: checking for flex
configure:3218: result: no
configure:3188: checking for lex
configure:3218: result: no
configure:3346: checking for bison
configure:3376: result: no
configure:3346: checking for byacc
configure:3376: result: no
configure:3399: checking for a BSD-compatible install
configure:3467: result: /usr/bin/install -c
configure:3524: checking how to print strings
configure:3551: result: printf
configure:3572: checking for a sed that does not truncate output
configure:3636: result: /bin/sed
configure:3654: checking for grep that handles long lines and -e
configure:3712: result: /bin/grep
configure:3717: checking for egrep
configure:3779: result: /bin/grep -E
configure:3784: checking for fgrep
configure:3846: result: /bin/grep -F
configure:3881: checking for ld used by gcc
configure:3948: result: /usr/bin/ld
configure:3955: checking if the linker (/usr/bin/ld) is GNU ld
configure:3970: result: yes
configure:3982: checking for BSD- or MS-compatible name lister (nm)
configure:4031: result: /usr/bin/nm -B
configure:4161: checking the name lister (/usr/bin/nm -B) interface
configure:4168: gcc -c  -D_GNU_SOURCE  conftest.c >&5
configure:4171: /usr/bin/nm -B "conftest.o"
configure:4174: output
0000000000000000 B some_variable
configure:4181: result: BSD nm
configure:4184: checking whether ln -s works
configure:4188: result: yes
configure:4196: checking the maximum length of command line arguments
configure:4321: result: 1572864
configure:4338: checking whether the shell understands some XSI constructs
configure:4348: result: yes
configure:4352: checking whether the shell understands "+="
configure:4358: result: yes
configure:4393: checking how to convert x86_64-unknown-linux-gnu file names to x86_64-unknown-linux-gnu format
configure:4433: result: func_convert_file_noop
configure:4440: checking how to convert x86_64-unknown-linux-gnu file names to toolchain format
configure:4460: result: func_convert_file_noop
configure:4467: checking for /usr/bin/ld option to reload object files
configure:4474: result: -r
configure:4548: checking for objdump
configure:4564: found /usr/bin/objdump
configure:4575: result: objdump
configure:4607: checking how to recognize dependent libraries
configure:4809: result: pass_all
configure:4894: checking for dlltool
configure:4924: result: no
configure:4954: checking how to associate runtime and link libraries
configure:4981: result: printf %s\n
configure:5041: checking for ar
configure:5057: found /usr/bin/ar
configure:5068: result: ar
configure:5105: checking for archiver @FILE support
configure:5122: gcc -c  -D_GNU_SOURCE  conftest.c >&5
configure:5122: $? = 0
configure:5125: ar cru libconftest.a @conftest.lst >&5
configure:5128: $? = 0
configure:5133: ar cru libconftest.a @conftest.lst >&5
ar: conftest.o: No such file or directory
configure:5136: $? = 1
configure:5148: result: @
configure:5206: checking for strip
configure:5222: found /usr/bin/strip
configure:5233: result: strip
configure:5305: checking for ranlib
configure:5321: found /usr/bin/ranlib
configure:5332: result: ranlib
configure:5409: checking for gawk
configure:5439: result: no
configure:5409: checking for mawk
configure:5425: found /usr/bin/mawk
configure:5436: result: mawk
configure:5476: checking command to parse /usr/bin/nm -B output from gcc object
configure:5595: gcc -c  -D_GNU_SOURCE  conftest.c >&5
configure:5598: $? = 0
configure:5602: /usr/bin/nm -B conftest.o \| sed -n -e 's/^.*[ ]\([ABCDGIRSTW][ABCDGIRSTW]*\)[ ][ ]*\([_A-Za-z][_A-Za-z0-9]*\)$/\1 \2 \2/p' | sed '/ __gnu_lto/d' \> conftest.nm
configure:5605: $? = 0
configure:5671: gcc -o conftest  -D_GNU_SOURCE   conftest.c conftstm.o >&5
configure:5674: $? = 0
configure:5712: result: ok
configure:5749: checking for sysroot
configure:5779: result: no
configure:5856: gcc -c  -D_GNU_SOURCE  conftest.c >&5
configure:5859: $? = 0
configure:6022: checking for mt
configure:6038: found /bin/mt
configure:6049: result: mt
configure:6072: checking if mt is a manifest tool
configure:6078: mt '-?'
configure:6086: result: no
configure:6718: checking how to run the C preprocessor
configure:6749: gcc -E  conftest.c
configure:6749: $? = 0
configure:6763: gcc -E  conftest.c
conftest.c:9:28: fatal error: ac_nonexistent.h: No such file or directory
compilation terminated.
configure:6763: $? = 1
configure: failed program was:
| /* confdefs.h */
| #define PACKAGE_NAME ""
| #define PACKAGE_TARNAME ""
| #define PACKAGE_VERSION ""
| #define PACKAGE_STRING ""
| #define PACKAGE_BUGREPORT ""
| #define PACKAGE_URL ""
| /* end confdefs.h.  */
| #include <ac_nonexistent.h>
configure:6788: result: gcc -E
configure:6808: gcc -E  conftest.c
configure:6808: $? = 0
configure:6822: gcc -E  conftest.c
conftest.c:9:28: fatal error: ac_nonexistent.h: No such file or directory
compilation terminated.
configure:6822: $? = 1
configure: failed program was:
| /* confdefs.h */
| #define PACKAGE_NAME ""
| #define PACKAGE_TARNAME ""
| #define PACKAGE_VERSION ""
| #define PACKAGE_STRING ""
| #define PACKAGE_BUGREPORT ""
| #define PACKAGE_URL ""
| /* end confdefs.h.  */
| #include <ac_nonexistent.h>
configure:6851: checking for ANSI C header files
configure:6871: gcc -c  -D_GNU_SOURCE  conftest.c >&5
configure:6871: $? = 0
configure:6944: gcc -o conftest  -D_GNU_SOURCE   conftest.c  >&5
configure:6944: $? = 0
configure:6944: ./conftest
configure:6944: $? = 0
configure:6955: result: yes
configure:6968: checking for sys/types.h
configure:6968: gcc -c  -D_GNU_SOURCE  conftest.c >&5
configure:6968: $? = 0
configure:6968: result: yes
configure:6968: checking for sys/stat.h
configure:6968: gcc -c  -D_GNU_SOURCE  conftest.c >&5
configure:6968: $? = 0
configure:6968: result: yes
configure:6968: checking for stdlib.h
configure:6968: gcc -c  -D_GNU_SOURCE  conftest.c >&5
configure:6968: $? = 0
configure:6968: result: yes
configure:6968: checking for string.h
configure:6968: gcc -c  -D_GNU_SOURCE  conftest.c >&5
configure:6968: $? = 0
configure:6968: result: yes
configure:6968: checking for memory.h
configure:6968: gcc -c  -D_GNU_SOURCE  conftest.c >&5
configure:6968: $? = 0
configure:6968: result: yes
configure:6968: checking for strings.h
configure:6968: gcc -c  -D_GNU_SOURCE  conftest.c >&5
configure:6968: $? = 0
configure:6968: result: yes
configure:6968: checking for inttypes.h
configure:6968: gcc -c  -D_GNU_SOURCE  conftest.c >&5
configure:6968: $? = 0
configure:6968: result: yes
configure:6968: checking for stdint.h
configure:6968: gcc -c  -D_GNU_SOURCE  conftest.c >&5
configure:6968: $? = 0
configure:6968: result: yes
configure:6968: checking for unistd.h
configure:6968: gcc -c  -D_GNU_SOURCE  conftest.c >&5
configure:6968: $? = 0
configure:6968: result: yes
configure:6982: checking for dlfcn.h
configure:6982: gcc -c  -D_GNU_SOURCE  conftest.c >&5
configure:6982: $? = 0
configure:6982: result: yes
configure:7169: checking for objdir
configure:7184: result: .libs
configure:7451: checking if gcc supports -fno-rtti -fno-exceptions
configure:7469: gcc -c  -D_GNU_SOURCE  -fno-rtti -fno-exceptions conftest.c >&5
cc1: warning: command line option '-fno-rtti' is valid for C++/ObjC++ but not for C [enabled by default]
configure:7473: $? = 0
configure:7486: result: no
configure:7796: checking for gcc option to produce PIC
configure:7803: result: -fPIC -DPIC
configure:7811: checking if gcc PIC flag -fPIC -DPIC works
configure:7829: gcc -c  -D_GNU_SOURCE  -fPIC -DPIC -DPIC conftest.c >&5
configure:7833: $? = 0
configure:7846: result: yes
configure:7875: checking if gcc static flag -static works
configure:7903: result: yes
configure:7918: checking if gcc supports -c -o file.o
configure:7939: gcc -c  -D_GNU_SOURCE  -o out/conftest2.o conftest.c >&5
configure:7943: $? = 0
configure:7965: result: yes
configure:7973: checking if gcc supports -c -o file.o
configure:8020: result: yes
configure:8053: checking whether the gcc linker (/usr/bin/ld -m elf_x86_64) supports shared libraries
configure:9215: result: yes
configure:9252: checking whether -lc should be explicitly linked in
configure:9260: gcc -c  -D_GNU_SOURCE  conftest.c >&5
configure:9263: $? = 0
configure:9278: gcc -shared  -fPIC -DPIC conftest.o  -v -Wl,-soname -Wl,conftest -o conftest 2\>\&1 \| /bin/grep  -lc  \>/dev/null 2\>\&1
configure:9281: $? = 0
configure:9295: result: no
configure:9460: checking dynamic linker characteristics
configure:9975: gcc -o conftest  -D_GNU_SOURCE   -Wl,-rpath -Wl,/foo conftest.c  >&5
configure:9975: $? = 0
configure:10209: result: GNU/Linux ld.so
configure:10316: checking how to hardcode library paths into programs
configure:10341: result: immediate
configure:10881: checking whether stripping libraries is possible
configure:10886: result: yes
configure:10921: checking if libtool supports shared libraries
configure:10923: result: yes
configure:10926: checking whether to build shared libraries
configure:10947: result: yes
configure:10950: checking whether to build static libraries
configure:10954: result: yes
configure:10997: checking for dlsym in -ldl
configure:11022: gcc -o conftest  -D_GNU_SOURCE -O2   conftest.c -ldl   >&5
configure:11022: $? = 0
configure:11031: result: yes
configure:11043: checking for pthread_create in -lpthread
configure:11068: gcc -o conftest  -D_GNU_SOURCE -O2   conftest.c -lpthread  -ldl  >&5
configure:11068: $? = 0
configure:11077: result: yes
configure:11086: checking for ANSI C header files
configure:11190: result: yes
configure:11198: checking fcntl.h usability
configure:11198: gcc -c  -D_GNU_SOURCE -O2  conftest.c >&5
configure:11198: $? = 0
configure:11198: result: yes
configure:11198: checking fcntl.h presence
configure:11198: gcc -E  conftest.c
configure:11198: $? = 0
configure:11198: result: yes
configure:11198: checking for fcntl.h
configure:11198: result: yes
configure:11205: checking sys/time.h usability
configure:11205: gcc -c  -D_GNU_SOURCE -O2  conftest.c >&5
configure:11205: $? = 0
configure:11205: result: yes
configure:11205: checking sys/time.h presence
configure:11205: gcc -E  conftest.c
configure:11205: $? = 0
configure:11205: result: yes
configure:11205: checking for sys/time.h
configure:11205: result: yes
configure:11212: checking stdarg.h usability
configure:11212: gcc -c  -D_GNU_SOURCE -O2  conftest.c >&5
configure:11212: $? = 0
configure:11212: result: yes
configure:11212: checking stdarg.h presence
configure:11212: gcc -E  conftest.c
configure:11212: $? = 0
configure:11212: result: yes
configure:11212: checking for stdarg.h
configure:11212: result: yes
configure:11219: checking for unistd.h
configure:11219: result: yes
configure:11226: checking pthread.h usability
configure:11226: gcc -c  -D_GNU_SOURCE -O2  conftest.c >&5
configure:11226: $? = 0
configure:11226: result: yes
configure:11226: checking pthread.h presence
configure:11226: gcc -E  conftest.c
configure:11226: $? = 0
configure:11226: result: yes
configure:11226: checking for pthread.h
configure:11226: result: yes
configure:11233: checking regex.h usability
configure:11233: gcc -c  -D_GNU_SOURCE -O2  conftest.c >&5
configure:11233: $? = 0
configure:11233: result: yes
configure:11233: checking regex.h presence
configure:11233: gcc -E  conftest.c
configure:11233: $? = 0
configure:11233: result: yes
configure:11233: checking for regex.h
configure:11233: result: yes
configure:11240: checking sys/socket.h usability
configure:11240: gcc -c  -D_GNU_SOURCE -O2  conftest.c >&5
configure:11240: $? = 0
configure:11240: result: yes
configure:11240: checking sys/socket.h presence
configure:11240: gcc -E  conftest.c
configure:11240: $? = 0
configure:11240: result: yes
configure:11240: checking for sys/socket.h
configure:11240: result: yes
configure:11247: checking sys/select.h usability
configure:11247: gcc -c  -D_GNU_SOURCE -O2  conftest.c >&5
configure:11247: $? = 0
configure:11247: result: yes
configure:11247: checking sys/select.h presence
configure:11247: gcc -E  conftest.c
configure:11247: $? = 0
configure:11247: result: yes
configure:11247: checking for sys/select.h
configure:11247: result: yes
configure:11254: checking arpa/inet.h usability
configure:11254: gcc -c  -D_GNU_SOURCE -O2  conftest.c >&5
configure:11254: $? = 0
configure:11254: result: yes
configure:11254: checking arpa/inet.h presence
configure:11254: gcc -E  conftest.c
configure:11254: $? = 0
configure:11254: result: yes
configure:11254: checking for arpa/inet.h
configure:11254: result: yes
configure:11261: checking netinet/in.h usability
configure:11261: gcc -c  -D_GNU_SOURCE -O2  conftest.c >&5
configure:11261: $? = 0
configure:11261: result: yes
configure:11261: checking netinet/in.h presence
configure:11261: gcc -E  conftest.c
configure:11261: $? = 0
configure:11261: result: yes
configure:11261: checking for netinet/in.h
configure:11261: result: yes
configure:11268: checking netdb.h usability
configure:11268: gcc -c  -D_GNU_SOURCE -O2  conftest.c >&5
configure:11268: $? = 0
configure:11268: result: yes
configure:11268: checking netdb.h presence
configure:11268: gcc -E  conftest.c
configure:11268: $? = 0
configure:11268: result: yes
configure:11268: checking for netdb.h
configure:11268: result: yes
configure:11275: checking sys/poll.h usability
configure:11275: gcc -c  -D_GNU_SOURCE -O2  conftest.c >&5
configure:11275: $? = 0
configure:11275: result: yes
configure:11275: checking sys/poll.h presence
configure:11275: gcc -E  conftest.c
configure:11275: $? = 0
configure:11275: result: yes
configure:11275: checking for sys/poll.h
configure:11275: result: yes
configure:11282: checking dirent.h usability
configure:11282: gcc -c  -D_GNU_SOURCE -O2  conftest.c >&5
configure:11282: $? = 0
configure:11282: result: yes
configure:11282: checking dirent.h presence
configure:11282: gcc -E  conftest.c
configure:11282: $? = 0
configure:11282: result: yes
configure:11282: checking for dirent.h
configure:11282: result: yes
configure:11290: checking for dlfcn.h
configure:11290: result: yes
configure:11309: checking for an ANSI C-conforming const
configure:11374: gcc -c  -D_GNU_SOURCE -O2  conftest.c >&5
configure:11374: $? = 0
configure:11381: result: yes
configure:11389: checking for inline
configure:11405: gcc -c  -D_GNU_SOURCE -O2  conftest.c >&5
configure:11405: $? = 0
configure:11413: result: inline
configure:11431: checking whether time.h and sys/time.h may both be included
configure:11451: gcc -c  -D_GNU_SOURCE -O2  conftest.c >&5
configure:11451: $? = 0
configure:11458: result: yes
configure:11466: checking whether struct tm is in sys/time.h or time.h
configure:11486: gcc -c  -D_GNU_SOURCE -O2  conftest.c >&5
configure:11486: $? = 0
configure:11493: result: time.h
configure:11502: checking whether long long is supported
configure:11519: gcc -c  -D_GNU_SOURCE -O2  conftest.c >&5
configure:11519: $? = 0
configure:11521: result: yes
configure:11535: checking whether variadic macros are supported
configure:11554: gcc -c  -D_GNU_SOURCE -O2  conftest.c >&5
configure:11554: $? = 0
configure:11556: result: yes
configure:11572: checking whether struct addrinfo is defined
configure:11591: gcc -o conftest  -D_GNU_SOURCE -O2   conftest.c -ldl  -lpthread >&5
configure:11591: $? = 0
configure:11593: result: yes
configure:11608: checking whether PTHREAD_MUTEX_RECURSIVE is supported
configure:11642: gcc -o conftest  -D_GNU_SOURCE -O2   conftest.c -ldl  -lpthread >&5
configure:11642: $? = 0
configure:11642: ./conftest
configure:11642: $? = 0
configure:11644: result: yes
configure:11711: checking if gnu style gethostbyname_r is available
configure:11742: gcc -o conftest  -D_GNU_SOURCE -O2   conftest.c -ldl  -lpthread >&5
conftest.c: In function 'main':
conftest.c:64:5: warning: return makes integer from pointer without a cast [enabled by default]
configure:11742: $? = 0
configure:11744: result: yes
configure:11759: checking for working memcmp
configure:11802: gcc -o conftest  -D_GNU_SOURCE -O2   conftest.c -ldl  -lpthread >&5
configure:11802: $? = 0
configure:11802: ./conftest
configure:11802: $? = 0
configure:11812: result: yes
configure:11823: checking for strftime
configure:11823: gcc -o conftest  -D_GNU_SOURCE -O2   conftest.c -ldl  -lpthread >&5
conftest.c:67:6: warning: conflicting types for built-in function 'strftime' [enabled by default]
configure:11823: $? = 0
configure:11823: result: yes
configure:11878: checking for vprintf
configure:11878: gcc -o conftest  -D_GNU_SOURCE -O2   conftest.c -ldl  -lpthread >&5
conftest.c:68:6: warning: conflicting types for built-in function 'vprintf' [enabled by default]
configure:11878: $? = 0
configure:11878: result: yes
configure:11884: checking for _doprnt
configure:11884: gcc -o conftest  -D_GNU_SOURCE -O2   conftest.c -ldl  -lpthread >&5
/tmp/ccqG5DyH.o: In function `main':
conftest.c:(.text.startup+0x7): undefined reference to `_doprnt'
collect2: ld returned 1 exit status
configure:11884: $? = 1
configure: failed program was:
| /* confdefs.h */
| #define PACKAGE_NAME ""
| #define PACKAGE_TARNAME ""
| #define PACKAGE_VERSION ""
| #define PACKAGE_STRING ""
| #define PACKAGE_BUGREPORT ""
| #define PACKAGE_URL ""
| #define STDC_HEADERS 1
| #define HAVE_SYS_TYPES_H 1
| #define HAVE_SYS_STAT_H 1
| #define HAVE_STDLIB_H 1
| #define HAVE_STRING_H 1
| #define HAVE_MEMORY_H 1
| #define HAVE_STRINGS_H 1
| #define HAVE_INTTYPES_H 1
| #define HAVE_STDINT_H 1
| #define HAVE_UNISTD_H 1
| #define HAVE_DLFCN_H 1
| #define LT_OBJDIR ".libs/"
| #define CP_HAS___BUILTIN_CLZ 1
| #define HAVE_LIBDL 1
| #define STDC_HEADERS 1
| #define CP_HAS_FCNTL_H 1
| #define CP_HAS_SYS_TIME_H 1
| #define CP_HAS_STDARG_H 1
| #define CP_HAS_UNISTD_H 1
| #define CP_HAS_PTHREAD_H 1
| #define CP_HAS_REGEX_H 1
| #define CP_HAS_SYS_SOCKET_H 1
| #define CP_HAS_SYS_SELECT_H 1
| #define CP_HAS_ARPA_INET_H 1
| #define CP_HAS_NETINET_IN_H 1
| #define CP_HAS_NETDB_H 1
| #define CP_HAS_SYS_POLL_H 1
| #define CP_HAS_DIRENT_H 1
| #define CP_HAS_DLFCN_H 1
| #define TIME_WITH_SYS_TIME 1
| #define CP_HAS_LONG_LONG 1
| #define CP_HAS_VARIADIC_MACROS 1
| #define CP_HAS_ADDRINFO 1
| #define CP_HAS_PTHREAD_MUTEX_RECURSIVE 1
| #define CP_HAS_GETHOSTBYNAME_R_6 1
| #define HAVE_STRFTIME 1
| #define HAVE_VPRINTF 1
| /* end confdefs.h.  */
| /* Define _doprnt to an innocuous variant, in case <limits.h> declares _doprnt.
|    For example, HP-UX 11i <limits.h> declares gettimeofday.  */
| #define _doprnt innocuous__doprnt
| 
| /* System header to define __stub macros and hopefully few prototypes,
|     which can conflict with char _doprnt (); below.
|     Prefer <limits.h> to <assert.h> if __STDC__ is defined, since
|     <limits.h> exists even on freestanding compilers.  */
| 
| #ifdef __STDC__
| # include <limits.h>
| #else
| # include <assert.h>
| #endif
| 
| #undef _doprnt
| 
| /* Override any GCC internal prototype to avoid an error.
|    Use char because int might match the return type of a GCC
|    builtin and then its argument prototype would still apply.  */
| #ifdef __cplusplus
| extern "C"
| #endif
| char _doprnt ();
| /* The GNU C library defines this for functions which it implements
|     to always fail with ENOSYS.  Some functions are actually named
|     something starting with __ and the normal name is an alias.  */
| #if defined __stub__doprnt || defined __stub____doprnt
| choke me
| #endif
| 
| int
| main ()
| {
| return _doprnt ();
|   ;
|   return 0;
| }
configure:11884: result: no
configure:11895: checking for strstr
configure:11895: gcc -o conftest  -D_GNU_SOURCE -O2   conftest.c -ldl  -lpthread >&5
conftest.c:69:6: warning: conflicting types for built-in function 'strstr' [enabled by default]
configure:11895: $? = 0
configure:11895: result: yes
configure:11901: checking for memset
configure:11901: gcc -o conftest  -D_GNU_SOURCE -O2   conftest.c -ldl  -lpthread >&5
conftest.c:70:6: warning: conflicting types for built-in function 'memset' [enabled by default]
configure:11901: $? = 0
configure:11901: result: yes
configure:11907: checking for strdup
configure:11907: gcc -o conftest  -D_GNU_SOURCE -O2   conftest.c -ldl  -lpthread >&5
conftest.c:71:6: warning: conflicting types for built-in function 'strdup' [enabled by default]
configure:11907: $? = 0
configure:11907: result: yes
configure:11913: checking for strndup
configure:11913: gcc -o conftest  -D_GNU_SOURCE -O2   conftest.c -ldl  -lpthread >&5
conftest.c:72:6: warning: conflicting types for built-in function 'strndup' [enabled by default]
configure:11913: $? = 0
configure:11913: result: yes
configure:11919: checking for regcomp
configure:11919: gcc -o conftest  -D_GNU_SOURCE -O2   conftest.c -ldl  -lpthread >&5
configure:11919: $? = 0
configure:11919: result: yes
configure:11925: checking for strerror_r
configure:11925: gcc -o conftest  -D_GNU_SOURCE -O2   conftest.c -ldl  -lpthread >&5
configure:11925: $? = 0
configure:11925: result: yes
configure:11931: checking for gettimeofday
configure:11931: gcc -o conftest  -D_GNU_SOURCE -O2   conftest.c -ldl  -lpthread >&5
configure:11931: $? = 0
configure:11931: result: yes
configure:11937: checking for getopt
configure:11937: gcc -o conftest  -D_GNU_SOURCE -O2   conftest.c -ldl  -lpthread >&5
configure:11937: $? = 0
configure:11937: result: yes
configure:11943: checking for dlopen
configure:11943: gcc -o conftest  -D_GNU_SOURCE -O2   conftest.c -ldl  -lpthread >&5
configure:11943: $? = 0
configure:11943: result: yes
configure:11949: checking for sigaction
configure:11949: gcc -o conftest  -D_GNU_SOURCE -O2   conftest.c -ldl  -lpthread >&5
configure:11949: $? = 0
configure:11949: result: yes
configure:11955: checking for read
configure:11955: gcc -o conftest  -D_GNU_SOURCE -O2   conftest.c -ldl  -lpthread >&5
configure:11955: $? = 0
configure:11955: result: yes
configure:11961: checking for write
configure:11961: gcc -o conftest  -D_GNU_SOURCE -O2   conftest.c -ldl  -lpthread >&5
configure:11961: $? = 0
configure:11961: result: yes
configure:11967: checking for socket
configure:11967: gcc -o conftest  -D_GNU_SOURCE -O2   conftest.c -ldl  -lpthread >&5
configure:11967: $? = 0
configure:11967: result: yes
configure:11973: checking for select
configure:11973: gcc -o conftest  -D_GNU_SOURCE -O2   conftest.c -ldl  -lpthread >&5
configure:11973: $? = 0
configure:11973: result: yes
configure:11979: checking for poll
configure:11979: gcc -o conftest  -D_GNU_SOURCE -O2   conftest.c -ldl  -lpthread >&5
configure:11979: $? = 0
configure:11979: result: yes
configure:11985: checking for inet_ntoa
configure:11985: gcc -o conftest  -D_GNU_SOURCE -O2   conftest.c -ldl  -lpthread >&5
configure:11985: $? = 0
configure:11985: result: yes
configure:11991: checking for inet_ntop
configure:11991: gcc -o conftest  -D_GNU_SOURCE -O2   conftest.c -ldl  -lpthread >&5
configure:11991: $? = 0
configure:11991: result: yes
configure:11997: checking for gethostname
configure:11997: gcc -o conftest  -D_GNU_SOURCE -O2   conftest.c -ldl  -lpthread >&5
configure:11997: $? = 0
configure:11997: result: yes
configure:12003: checking for getaddrinfo
configure:12003: gcc -o conftest  -D_GNU_SOURCE -O2   conftest.c -ldl  -lpthread >&5
configure:12003: $? = 0
configure:12003: result: yes
configure:12009: checking for getcwd
configure:12009: gcc -o conftest  -D_GNU_SOURCE -O2   conftest.c -ldl  -lpthread >&5
configure:12009: $? = 0
configure:12009: result: yes
configure:12015: checking for gmtime_r
configure:12015: gcc -o conftest  -D_GNU_SOURCE -O2   conftest.c -ldl  -lpthread >&5
configure:12015: $? = 0
configure:12015: result: yes
configure:12021: checking for localtime_r
configure:12021: gcc -o conftest  -D_GNU_SOURCE -O2   conftest.c -ldl  -lpthread >&5
configure:12021: $? = 0
configure:12021: result: yes
configure:12027: checking for pthread_getunique_np
configure:12027: gcc -o conftest  -D_GNU_SOURCE -O2   conftest.c -ldl  -lpthread >&5
/tmp/ccsZSXYV.o: In function `main':
conftest.c:(.text.startup+0x7): undefined reference to `pthread_getunique_np'
collect2: ld returned 1 exit status
configure:12027: $? = 1
configure: failed program was:
| /* confdefs.h */
| #define PACKAGE_NAME ""
| #define PACKAGE_TARNAME ""
| #define PACKAGE_VERSION ""
| #define PACKAGE_STRING ""
| #define PACKAGE_BUGREPORT ""
| #define PACKAGE_URL ""
| #define STDC_HEADERS 1
| #define HAVE_SYS_TYPES_H 1
| #define HAVE_SYS_STAT_H 1
| #define HAVE_STDLIB_H 1
| #define HAVE_STRING_H 1
| #define HAVE_MEMORY_H 1
| #define HAVE_STRINGS_H 1
| #define HAVE_INTTYPES_H 1
| #define HAVE_STDINT_H 1
| #define HAVE_UNISTD_H 1
| #define HAVE_DLFCN_H 1
| #define LT_OBJDIR ".libs/"
| #define CP_HAS___BUILTIN_CLZ 1
| #define HAVE_LIBDL 1
| #define STDC_HEADERS 1
| #define CP_HAS_FCNTL_H 1
| #define CP_HAS_SYS_TIME_H 1
| #define CP_HAS_STDARG_H 1
| #define CP_HAS_UNISTD_H 1
| #define CP_HAS_PTHREAD_H 1
| #define CP_HAS_REGEX_H 1
| #define CP_HAS_SYS_SOCKET_H 1
| #define CP_HAS_SYS_SELECT_H 1
| #define CP_HAS_ARPA_INET_H 1
| #define CP_HAS_NETINET_IN_H 1
| #define CP_HAS_NETDB_H 1
| #define CP_HAS_SYS_POLL_H 1
| #define CP_HAS_DIRENT_H 1
| #define CP_HAS_DLFCN_H 1
| #define TIME_WITH_SYS_TIME 1
| #define CP_HAS_LONG_LONG 1
| #define CP_HAS_VARIADIC_MACROS 1
| #define CP_HAS_ADDRINFO 1
| #define CP_HAS_PTHREAD_MUTEX_RECURSIVE 1
| #define CP_HAS_GETHOSTBYNAME_R_6 1
| #define HAVE_STRFTIME 1
| #define HAVE_VPRINTF 1
| #define CP_HAS_STRSTR 1
| #define CP_HAS_MEMSET 1
| #define CP_HAS_STRDUP 1
| #define CP_HAS_STRNDUP 1
| #define CP_HAS_REGCOMP 1
| #define CP_HAS_STRERROR_R 1
| #define CP_HAS_GETTIMEOFDAY 1
| #define CP_HAS_GETOPT 1
| #define CP_HAS_DLOPEN 1
| #define CP_HAS_SIGACTION 1
| #define CP_HAS_READ 1
| #define CP_HAS_WRITE 1
| #define CP_HAS_SOCKET 1
| #define CP_HAS_SELECT 1
| #define CP_HAS_POLL 1
| #define CP_HAS_INET_NTOA 1
| #define CP_HAS_INET_NTOP 1
| #define CP_HAS_GETHOSTNAME 1
| #define CP_HAS_GETADDRINFO 1
| #define CP_HAS_GETCWD 1
| #define CP_HAS_GMTIME_R 1
| #define CP_HAS_LOCALTIME_R 1
| /* end confdefs.h.  */
| /* Define pthread_getunique_np to an innocuous variant, in case <limits.h> declares pthread_getunique_np.
|    For example, HP-UX 11i <limits.h> declares gettimeofday.  */
| #define pthread_getunique_np innocuous_pthread_getunique_np
| 
| /* System header to define __stub macros and hopefully few prototypes,
|     which can conflict with char pthread_getunique_np (); below.
|     Prefer <limits.h> to <assert.h> if __STDC__ is defined, since
|     <limits.h> exists even on freestanding compilers.  */
| 
| #ifdef __STDC__
| # include <limits.h>
| #else
| # include <assert.h>
| #endif
| 
| #undef pthread_getunique_np
| 
| /* Override any GCC internal prototype to avoid an error.
|    Use char because int might match the return type of a GCC
|    builtin and then its argument prototype would still apply.  */
| #ifdef __cplusplus
| extern "C"
| #endif
| char pthread_getunique_np ();
| /* The GNU C library defines this for functions which it implements
|     to always fail with ENOSYS.  Some functions are actually named
|     something starting with __ and the normal name is an alias.  */
| #if defined __stub_pthread_getunique_np || defined __stub___pthread_getunique_np
| choke me
| #endif
| 
| int
| main ()
| {
| return pthread_getunique_np ();
|   ;
|   return 0;
| }
configure:12027: result: no
configure:12033: checking for random
configure:12033: gcc -o conftest  -D_GNU_SOURCE -O2   conftest.c -ldl  -lpthread >&5
configure:12033: $? = 0
configure:12033: result: yes
configure:12039: checking for strlcat
configure:12039: gcc -o conftest  -D_GNU_SOURCE -O2   conftest.c -ldl  -lpthread >&5
/tmp/cc004Zz3.o: In function `main':
conftest.c:(.text.startup+0x7): undefined reference to `strlcat'
collect2: ld returned 1 exit status
configure:12039: $? = 1
configure: failed program was:
| /* confdefs.h */
| #define PACKAGE_NAME ""
| #define PACKAGE_TARNAME ""
| #define PACKAGE_VERSION ""
| #define PACKAGE_STRING ""
| #define PACKAGE_BUGREPORT ""
| #define PACKAGE_URL ""
| #define STDC_HEADERS 1
| #define HAVE_SYS_TYPES_H 1
| #define HAVE_SYS_STAT_H 1
| #define HAVE_STDLIB_H 1
| #define HAVE_STRING_H 1
| #define HAVE_MEMORY_H 1
| #define HAVE_STRINGS_H 1
| #define HAVE_INTTYPES_H 1
| #define HAVE_STDINT_H 1
| #define HAVE_UNISTD_H 1
| #define HAVE_DLFCN_H 1
| #define LT_OBJDIR ".libs/"
| #define CP_HAS___BUILTIN_CLZ 1
| #define HAVE_LIBDL 1
| #define STDC_HEADERS 1
| #define CP_HAS_FCNTL_H 1
| #define CP_HAS_SYS_TIME_H 1
| #define CP_HAS_STDARG_H 1
| #define CP_HAS_UNISTD_H 1
| #define CP_HAS_PTHREAD_H 1
| #define CP_HAS_REGEX_H 1
| #define CP_HAS_SYS_SOCKET_H 1
| #define CP_HAS_SYS_SELECT_H 1
| #define CP_HAS_ARPA_INET_H 1
| #define CP_HAS_NETINET_IN_H 1
| #define CP_HAS_NETDB_H 1
| #define CP_HAS_SYS_POLL_H 1
| #define CP_HAS_DIRENT_H 1
| #define CP_HAS_DLFCN_H 1
| #define TIME_WITH_SYS_TIME 1
| #define CP_HAS_LONG_LONG 1
| #define CP_HAS_VARIADIC_MACROS 1
| #define CP_HAS_ADDRINFO 1
| #define CP_HAS_PTHREAD_MUTEX_RECURSIVE 1
| #define CP_HAS_GETHOSTBYNAME_R_6 1
| #define HAVE_STRFTIME 1
| #define HAVE_VPRINTF 1
| #define CP_HAS_STRSTR 1
| #define CP_HAS_MEMSET 1
| #define CP_HAS_STRDUP 1
| #define CP_HAS_STRNDUP 1
| #define CP_HAS_REGCOMP 1
| #define CP_HAS_STRERROR_R 1
| #define CP_HAS_GETTIMEOFDAY 1
| #define CP_HAS_GETOPT 1
| #define CP_HAS_DLOPEN 1
| #define CP_HAS_SIGACTION 1
| #define CP_HAS_READ 1
| #define CP_HAS_WRITE 1
| #define CP_HAS_SOCKET 1
| #define CP_HAS_SELECT 1
| #define CP_HAS_POLL 1
| #define CP_HAS_INET_NTOA 1
| #define CP_HAS_INET_NTOP 1
| #define CP_HAS_GETHOSTNAME 1
| #define CP_HAS_GETADDRINFO 1
| #define CP_HAS_GETCWD 1
| #define CP_HAS_GMTIME_R 1
| #define CP_HAS_LOCALTIME_R 1
| #define CP_HAS_RANDOM 1
| /* end confdefs.h.  */
| /* Define strlcat to an innocuous variant, in case <limits.h> declares strlcat.
|    For example, HP-UX 11i <limits.h> declares gettimeofday.  */
| #define strlcat innocuous_strlcat
| 
| /* System header to define __stub macros and hopefully few prototypes,
|     which can conflict with char strlcat (); below.
|     Prefer <limits.h> to <assert.h> if __STDC__ is defined, since
|     <limits.h> exists even on freestanding compilers.  */
| 
| #ifdef __STDC__
| # include <limits.h>
| #else
| # include <assert.h>
| #endif
| 
| #undef strlcat
| 
| /* Override any GCC internal prototype to avoid an error.
|    Use char because int might match the return type of a GCC
|    builtin and then its argument prototype would still apply.  */
| #ifdef __cplusplus
| extern "C"
| #endif
| char strlcat ();
| /* The GNU C library defines this for functions which it implements
|     to always fail with ENOSYS.  Some functions are actually named
|     something starting with __ and the normal name is an alias.  */
| #if defined __stub_strlcat || defined __stub___strlcat
| choke me
| #endif
| 
| int
| main ()
| {
| return strlcat ();
|   ;
|   return 0;
| }
configure:12039: result: no
configure:12045: checking for strlcpy
configure:12045: gcc -o conftest  -D_GNU_SOURCE -O2   conftest.c -ldl  -lpthread >&5
/tmp/ccTNRtX7.o: In function `main':
conftest.c:(.text.startup+0x7): undefined reference to `strlcpy'
collect2: ld returned 1 exit status
configure:12045: $? = 1
configure: failed program was:
| /* confdefs.h */
| #define PACKAGE_NAME ""
| #define PACKAGE_TARNAME ""
| #define PACKAGE_VERSION ""
| #define PACKAGE_STRING ""
| #define PACKAGE_BUGREPORT ""
| #define PACKAGE_URL ""
| #define STDC_HEADERS 1
| #define HAVE_SYS_TYPES_H 1
| #define HAVE_SYS_STAT_H 1
| #define HAVE_STDLIB_H 1
| #define HAVE_STRING_H 1
| #define HAVE_MEMORY_H 1
| #define HAVE_STRINGS_H 1
| #define HAVE_INTTYPES_H 1
| #define HAVE_STDINT_H 1
| #define HAVE_UNISTD_H 1
| #define HAVE_DLFCN_H 1
| #define LT_OBJDIR ".libs/"
| #define CP_HAS___BUILTIN_CLZ 1
| #define HAVE_LIBDL 1
| #define STDC_HEADERS 1
| #define CP_HAS_FCNTL_H 1
| #define CP_HAS_SYS_TIME_H 1
| #define CP_HAS_STDARG_H 1
| #define CP_HAS_UNISTD_H 1
| #define CP_HAS_PTHREAD_H 1
| #define CP_HAS_REGEX_H 1
| #define CP_HAS_SYS_SOCKET_H 1
| #define CP_HAS_SYS_SELECT_H 1
| #define CP_HAS_ARPA_INET_H 1
| #define CP_HAS_NETINET_IN_H 1
| #define CP_HAS_NETDB_H 1
| #define CP_HAS_SYS_POLL_H 1
| #define CP_HAS_DIRENT_H 1
| #define CP_HAS_DLFCN_H 1
| #define TIME_WITH_SYS_TIME 1
| #define CP_HAS_LONG_LONG 1
| #define CP_HAS_VARIADIC_MACROS 1
| #define CP_HAS_ADDRINFO 1
| #define CP_HAS_PTHREAD_MUTEX_RECURSIVE 1
| #define CP_HAS_GETHOSTBYNAME_R_6 1
| #define HAVE_STRFTIME 1
| #define HAVE_VPRINTF 1
| #define CP_HAS_STRSTR 1
| #define CP_HAS_MEMSET 1
| #define CP_HAS_STRDUP 1
| #define CP_HAS_STRNDUP 1
| #define CP_HAS_REGCOMP 1
| #define CP_HAS_STRERROR_R 1
| #define CP_HAS_GETTIMEOFDAY 1
| #define CP_HAS_GETOPT 1
| #define CP_HAS_DLOPEN 1
| #define CP_HAS_SIGACTION 1
| #define CP_HAS_READ 1
| #define CP_HAS_WRITE 1
| #define CP_HAS_SOCKET 1
| #define CP_HAS_SELECT 1
| #define CP_HAS_POLL 1
| #define CP_HAS_INET_NTOA 1
| #define CP_HAS_INET_NTOP 1
| #define CP_HAS_GETHOSTNAME 1
| #define CP_HAS_GETADDRINFO 1
| #define CP_HAS_GETCWD 1
| #define CP_HAS_GMTIME_R 1
| #define CP_HAS_LOCALTIME_R 1
| #define CP_HAS_RANDOM 1
| /* end confdefs.h.  */
| /* Define strlcpy to an innocuous variant, in case <limits.h> declares strlcpy.
|    For example, HP-UX 11i <limits.h> declares gettimeofday.  */
| #define strlcpy innocuous_strlcpy
| 
| /* System header to define __stub macros and hopefully few prototypes,
|     which can conflict with char strlcpy (); below.
|     Prefer <limits.h> to <assert.h> if __STDC__ is defined, since
|     <limits.h> exists even on freestanding compilers.  */
| 
| #ifdef __STDC__
| # include <limits.h>
| #else
| # include <assert.h>
| #endif
| 
| #undef strlcpy
| 
| /* Override any GCC internal prototype to avoid an error.
|    Use char because int might match the return type of a GCC
|    builtin and then its argument prototype would still apply.  */
| #ifdef __cplusplus
| extern "C"
| #endif
| char strlcpy ();
| /* The GNU C library defines this for functions which it implements
|     to always fail with ENOSYS.  Some functions are actually named
|     something starting with __ and the normal name is an alias.  */
| #if defined __stub_strlcpy || defined __stub___strlcpy
| choke me
| #endif
| 
| int
| main ()
| {
| return strlcpy ();
|   ;
|   return 0;
| }
configure:12045: result: no
configure:12051: checking for snprintf
configure:12051: gcc -o conftest  -D_GNU_SOURCE -O2   conftest.c -ldl  -lpthread >&5
conftest.c:92:6: warning: conflicting types for built-in function 'snprintf' [enabled by default]
configure:12051: $? = 0
configure:12051: result: yes
configure:12057: checking for vsprintf
configure:12057: gcc -o conftest  -D_GNU_SOURCE -O2   conftest.c -ldl  -lpthread >&5
conftest.c:93:6: warning: conflicting types for built-in function 'vsprintf' [enabled by default]
configure:12057: $? = 0
configure:12057: result: yes
configure:12063: checking for vsnprintf
configure:12063: gcc -o conftest  -D_GNU_SOURCE -O2   conftest.c -ldl  -lpthread >&5
conftest.c:94:6: warning: conflicting types for built-in function 'vsnprintf' [enabled by default]
configure:12063: $? = 0
configure:12063: result: yes
configure:12069: checking for strcasecmp
configure:12069: gcc -o conftest  -D_GNU_SOURCE -O2   conftest.c -ldl  -lpthread >&5
conftest.c:95:6: warning: conflicting types for built-in function 'strcasecmp' [enabled by default]
configure:12069: $? = 0
configure:12069: result: yes
configure:12075: checking for strncasecmp
configure:12075: gcc -o conftest  -D_GNU_SOURCE -O2   conftest.c -ldl  -lpthread >&5
conftest.c:96:6: warning: conflicting types for built-in function 'strncasecmp' [enabled by default]
configure:12075: $? = 0
configure:12075: result: yes
configure:12081: checking for srandom
configure:12081: gcc -o conftest  -D_GNU_SOURCE -O2   conftest.c -ldl  -lpthread >&5
configure:12081: $? = 0
configure:12081: result: yes
configure:12087: checking for stat
configure:12087: gcc -o conftest  -D_GNU_SOURCE -O2   conftest.c -ldl  -lpthread >&5
configure:12087: $? = 0
configure:12087: result: yes
configure:12093: checking for strptime
configure:12093: gcc -o conftest  -D_GNU_SOURCE -O2   conftest.c -ldl  -lpthread >&5
configure:12093: $? = 0
configure:12093: result: yes
configure:12099: checking for getpagesize
configure:12099: gcc -o conftest  -D_GNU_SOURCE -O2   conftest.c -ldl  -lpthread >&5
configure:12099: $? = 0
configure:12099: result: yes
configure:12186: checking whether hardware byte order is little endian
configure:12201: result: yes
configure:12253: checking libssl location
configure:12272: result: not found
configure:12418: checking whether to compile postgres support
configure:12477: result: no
configure:12482: checking whether to compile mysql support
configure:12541: result: no
configure:12578: error: lex required for cpsp - either install lex or disable cpsp

## ---------------- ##
## Cache variables. ##
## ---------------- ##

ac_cv_build=x86_64-unknown-linux-gnu
ac_cv_c_compiler_gnu=yes
ac_cv_c_const=yes
ac_cv_c_inline=inline
ac_cv_env_CC_set=
ac_cv_env_CC_value=
ac_cv_env_CFLAGS_set=
ac_cv_env_CFLAGS_value=
ac_cv_env_CPPFLAGS_set=
ac_cv_env_CPPFLAGS_value=
ac_cv_env_CPP_set=
ac_cv_env_CPP_value=
ac_cv_env_LDFLAGS_set=
ac_cv_env_LDFLAGS_value=
ac_cv_env_LIBS_set=
ac_cv_env_LIBS_value=
ac_cv_env_YACC_set=
ac_cv_env_YACC_value=
ac_cv_env_YFLAGS_set=
ac_cv_env_YFLAGS_value=
ac_cv_env_build_alias_set=
ac_cv_env_build_alias_value=
ac_cv_env_host_alias_set=
ac_cv_env_host_alias_value=
ac_cv_env_target_alias_set=
ac_cv_env_target_alias_value=
ac_cv_func__doprnt=no
ac_cv_func_dlopen=yes
ac_cv_func_getaddrinfo=yes
ac_cv_func_getcwd=yes
ac_cv_func_gethostname=yes
ac_cv_func_getopt=yes
ac_cv_func_getpagesize=yes
ac_cv_func_gettimeofday=yes
ac_cv_func_gmtime_r=yes
ac_cv_func_inet_ntoa=yes
ac_cv_func_inet_ntop=yes
ac_cv_func_localtime_r=yes
ac_cv_func_memcmp_working=yes
ac_cv_func_memset=yes
ac_cv_func_poll=yes
ac_cv_func_pthread_getunique_np=no
ac_cv_func_random=yes
ac_cv_func_read=yes
ac_cv_func_regcomp=yes
ac_cv_func_select=yes
ac_cv_func_sigaction=yes
ac_cv_func_snprintf=yes
ac_cv_func_socket=yes
ac_cv_func_srandom=yes
ac_cv_func_stat=yes
ac_cv_func_strcasecmp=yes
ac_cv_func_strdup=yes
ac_cv_func_strerror_r=yes
ac_cv_func_strftime=yes
ac_cv_func_strlcat=no
ac_cv_func_strlcpy=no
ac_cv_func_strncasecmp=yes
ac_cv_func_strndup=yes
ac_cv_func_strptime=yes
ac_cv_func_strstr=yes
ac_cv_func_vprintf=yes
ac_cv_func_vsnprintf=yes
ac_cv_func_vsprintf=yes
ac_cv_func_write=yes
ac_cv_header_arpa_inet_h=yes
ac_cv_header_dirent_h=yes
ac_cv_header_dlfcn_h=yes
ac_cv_header_fcntl_h=yes
ac_cv_header_inttypes_h=yes
ac_cv_header_memory_h=yes
ac_cv_header_netdb_h=yes
ac_cv_header_netinet_in_h=yes
ac_cv_header_pthread_h=yes
ac_cv_header_regex_h=yes
ac_cv_header_stdarg_h=yes
ac_cv_header_stdc=yes
ac_cv_header_stdint_h=yes
ac_cv_header_stdlib_h=yes
ac_cv_header_string_h=yes
ac_cv_header_strings_h=yes
ac_cv_header_sys_poll_h=yes
ac_cv_header_sys_select_h=yes
ac_cv_header_sys_socket_h=yes
ac_cv_header_sys_stat_h=yes
ac_cv_header_sys_time_h=yes
ac_cv_header_sys_types_h=yes
ac_cv_header_time=yes
ac_cv_header_unistd_h=yes
ac_cv_host=x86_64-unknown-linux-gnu
ac_cv_lib_dl_dlsym=yes
ac_cv_lib_pthread_pthread_create=yes
ac_cv_objext=o
ac_cv_path_EGREP='/bin/grep -E'
ac_cv_path_FGREP='/bin/grep -F'
ac_cv_path_GREP=/bin/grep
ac_cv_path_SED=/bin/sed
ac_cv_path_install='/usr/bin/install -c'
ac_cv_prog_AWK=mawk
ac_cv_prog_CPP='gcc -E'
ac_cv_prog_ac_ct_AR=ar
ac_cv_prog_ac_ct_CC=gcc
ac_cv_prog_ac_ct_MANIFEST_TOOL=mt
ac_cv_prog_ac_ct_OBJDUMP=objdump
ac_cv_prog_ac_ct_RANLIB=ranlib
ac_cv_prog_ac_ct_STRIP=strip
ac_cv_prog_cc_c89=
ac_cv_prog_cc_g=yes
ac_cv_struct_tm=time.h
lt_cv_ar_at_file=@
lt_cv_archive_cmds_need_lc=no
lt_cv_deplibs_check_method=pass_all
lt_cv_file_magic_cmd='$MAGIC_CMD'
lt_cv_file_magic_test_file=
lt_cv_ld_reload_flag=-r
lt_cv_nm_interface='BSD nm'
lt_cv_objdir=.libs
lt_cv_path_LD=/usr/bin/ld
lt_cv_path_NM='/usr/bin/nm -B'
lt_cv_path_mainfest_tool=no
lt_cv_prog_compiler_c_o=yes
lt_cv_prog_compiler_pic='-fPIC -DPIC'
lt_cv_prog_compiler_pic_works=yes
lt_cv_prog_compiler_rtti_exceptions=no
lt_cv_prog_compiler_static_works=yes
lt_cv_prog_gnu_ld=yes
lt_cv_sharedlib_from_linklib_cmd='printf %s\n'
lt_cv_shlibpath_overrides_runpath=no
lt_cv_sys_global_symbol_pipe='sed -n -e '\''s/^.*[	 ]\([ABCDGIRSTW][ABCDGIRSTW]*\)[	 ][	 ]*\([_A-Za-z][_A-Za-z0-9]*\)$/\1 \2 \2/p'\'' | sed '\''/ __gnu_lto/d'\'''
lt_cv_sys_global_symbol_to_c_name_address='sed -n -e '\''s/^: \([^ ]*\)[ ]*$/  {\"\1\", (void *) 0},/p'\'' -e '\''s/^[ABCDGIRSTW]* \([^ ]*\) \([^ ]*\)$/  {"\2", (void *) \&\2},/p'\'''
lt_cv_sys_global_symbol_to_c_name_address_lib_prefix='sed -n -e '\''s/^: \([^ ]*\)[ ]*$/  {\"\1\", (void *) 0},/p'\'' -e '\''s/^[ABCDGIRSTW]* \([^ ]*\) \(lib[^ ]*\)$/  {"\2", (void *) \&\2},/p'\'' -e '\''s/^[ABCDGIRSTW]* \([^ ]*\) \([^ ]*\)$/  {"lib\2", (void *) \&\2},/p'\'''
lt_cv_sys_global_symbol_to_cdecl='sed -n -e '\''s/^T .* \(.*\)$/extern int \1();/p'\'' -e '\''s/^[ABCDGIRSTW]* .* \(.*\)$/extern char \1;/p'\'''
lt_cv_sys_max_cmd_len=1572864
lt_cv_to_host_file_cmd=func_convert_file_noop
lt_cv_to_tool_file_cmd=func_convert_file_noop

## ----------------- ##
## Output variables. ##
## ----------------- ##

AR='ar'
AWK='mawk'
CC='gcc'
CFLAGS=' -D_GNU_SOURCE -O2'
CPP='gcc -E'
CPPFLAGS=''
CPROPSLIBVERSION='15:0:0'
CPROPSVERSION='0.1.12'
CP_DBMS_MYSQL_LIBVERSION=''
CP_DBMS_PGSQL_LIBVERSION=''
DEFS=''
DLLTOOL='false'
DSYMUTIL=''
DUMPBIN=''
ECHO_C=''
ECHO_N='-n'
ECHO_T=''
EGREP='/bin/grep -E'
EXEEXT=''
FGREP='/bin/grep -F'
GREP='/bin/grep'
INSTALL_DATA='${INSTALL} -m 644'
INSTALL_PROGRAM='${INSTALL}'
INSTALL_SCRIPT='${INSTALL}'
LD='/usr/bin/ld -m elf_x86_64'
LDFLAGS=''
LEX=':'
LEXLIB=''
LEX_OUTPUT_ROOT=''
LIBOBJS=''
LIBS='-ldl  -lpthread'
LIBTOOL='$(SHELL) $(top_builddir)/libtool'
LIPO=''
LN_S='ln -s'
LTLIBOBJS=''
MAKEDEPEND=''
MANIFEST_TOOL=':'
MYSQL_CFLAGS=''
MYSQL_HDR=''
MYSQL_LDFLAGS=''
MYSQL_LIBS=''
MYSQL_OBJ=''
MYSQL_SRC=''
NM='/usr/bin/nm -B'
NMEDIT=''
OBJDUMP='objdump'
OBJEXT='o'
OPT_INSTALL=''
OPT_OBJS='db.o'
OPT_TARGETS=''
OTOOL64=''
OTOOL=''
PACKAGE_BUGREPORT=''
PACKAGE_NAME=''
PACKAGE_STRING=''
PACKAGE_TARNAME=''
PACKAGE_URL=''
PACKAGE_VERSION=''
PATH_SEPARATOR=':'
PGSQL_CFLAGS=''
PGSQL_HDR=''
PGSQL_LDFLAGS=''
PGSQL_LIBS=''
PGSQL_OBJ=''
PGSQL_SRC=''
RANLIB='ranlib'
SED='/bin/sed'
SHELL='/bin/bash'
STRIP='strip'
YACC='yacc'
YFLAGS=''
ac_ct_AR='ar'
ac_ct_CC='gcc'
ac_ct_DUMPBIN=''
bindir='${exec_prefix}/bin'
build='x86_64-unknown-linux-gnu'
build_alias=''
build_cpu='x86_64'
build_os='linux-gnu'
build_vendor='unknown'
cpsp_sources=''
datadir='${datarootdir}'
datarootdir='${prefix}/share'
db_examples=''
docdir='${datarootdir}/doc/${PACKAGE}'
dvidir='${docdir}'
exec_prefix='NONE'
gnu_make='make'
host='x86_64-unknown-linux-gnu'
host_alias=''
host_cpu='x86_64'
host_os='linux-gnu'
host_vendor='unknown'
htmldir='${docdir}'
includedir='${prefix}/include'
infodir='${datarootdir}/info'
libdir='${exec_prefix}/lib'
libexecdir='${exec_prefix}/libexec'
localedir='${datarootdir}/locale'
localstatedir='${prefix}/var'
mandir='${datarootdir}/man'
oldincludedir='/usr/include'
pdfdir='${docdir}'
prefix='NONE'
program_transform_name='s,x,x,'
psdir='${docdir}'
root_dir='/home/immo/treehouse/libs/libcprops-0.1.12'
sbindir='${exec_prefix}/sbin'
sharedstatedir='${prefix}/com'
ssl_example=''
subdirs=' svc'
sysconfdir='${prefix}/etc'
target_alias=''

## ----------- ##
## confdefs.h. ##
## ----------- ##

/* confdefs.h */
#define PACKAGE_NAME ""
#define PACKAGE_TARNAME ""
#define PACKAGE_VERSION ""
#define PACKAGE_STRING ""
#define PACKAGE_BUGREPORT ""
#define PACKAGE_URL ""
#define STDC_HEADERS 1
#define HAVE_SYS_TYPES_H 1
#define HAVE_SYS_STAT_H 1
#define HAVE_STDLIB_H 1
#define HAVE_STRING_H 1
#define HAVE_MEMORY_H 1
#define HAVE_STRINGS_H 1
#define HAVE_INTTYPES_H 1
#define HAVE_STDINT_H 1
#define HAVE_UNISTD_H 1
#define HAVE_DLFCN_H 1
#define LT_OBJDIR ".libs/"
#define CP_HAS___BUILTIN_CLZ 1
#define HAVE_LIBDL 1
#define STDC_HEADERS 1
#define CP_HAS_FCNTL_H 1
#define CP_HAS_SYS_TIME_H 1
#define CP_HAS_STDARG_H 1
#define CP_HAS_UNISTD_H 1
#define CP_HAS_PTHREAD_H 1
#define CP_HAS_REGEX_H 1
#define CP_HAS_SYS_SOCKET_H 1
#define CP_HAS_SYS_SELECT_H 1
#define CP_HAS_ARPA_INET_H 1
#define CP_HAS_NETINET_IN_H 1
#define CP_HAS_NETDB_H 1
#define CP_HAS_SYS_POLL_H 1
#define CP_HAS_DIRENT_H 1
#define CP_HAS_DLFCN_H 1
#define TIME_WITH_SYS_TIME 1
#define CP_HAS_LONG_LONG 1
#define CP_HAS_VARIADIC_MACROS 1
#define CP_HAS_ADDRINFO 1
#define CP_HAS_PTHREAD_MUTEX_RECURSIVE 1
#define CP_HAS_GETHOSTBYNAME_R_6 1
#define HAVE_STRFTIME 1
#define HAVE_VPRINTF 1
#define CP_HAS_STRSTR 1
#define CP_HAS_MEMSET 1
#define CP_HAS_STRDUP 1
#define CP_HAS_STRNDUP 1
#define CP_HAS_REGCOMP 1
#define CP_HAS_STRERROR_R 1
#define CP_HAS_GETTIMEOFDAY 1
#define CP_HAS_GETOPT 1
#define CP_HAS_DLOPEN 1
#define CP_HAS_SIGACTION 1
#define CP_HAS_READ 1
#define CP_HAS_WRITE 1
#define CP_HAS_SOCKET 1
#define CP_HAS_SELECT 1
#define CP_HAS_POLL 1
#define CP_HAS_INET_NTOA 1
#define CP_HAS_INET_NTOP 1
#define CP_HAS_GETHOSTNAME 1
#define CP_HAS_GETADDRINFO 1
#define CP_HAS_GETCWD 1
#define CP_HAS_GMTIME_R 1
#define CP_HAS_LOCALTIME_R 1
#define CP_HAS_RANDOM 1
#define CP_HAS_SNPRINTF 1
#define CP_HAS_VSPRINTF 1
#define CP_HAS_VSNPRINTF 1
#define CP_HAS_STRCASECMP 1
#define CP_HAS_STRNCASECMP 1
#define CP_HAS_SRANDOM 1
#define CP_HAS_STAT 1
#define CP_HAS_STRPTIME 1
#define CP_HAS_GETPAGESIZE 1
#define CP_USE_COOKIES 1
#define CP_USE_HTTP_SESSIONS 1
#define CP_BYTE_ORDER_LITTLE_ENDIAN 1

configure: exit 1
