\BOOKMARK [0][-]{chapter.1}{\376\377\000D\000a\000t\000a\000\040\000S\000t\000r\000u\000c\000t\000u\000r\000e\000\040\000I\000n\000d\000e\000x}{}
\BOOKMARK [1][-]{section.1.1}{\376\377\000D\000a\000t\000a\000\040\000S\000t\000r\000u\000c\000t\000u\000r\000e\000s}{chapter.1}
\BOOKMARK [0][-]{chapter.2}{\376\377\000F\000i\000l\000e\000\040\000I\000n\000d\000e\000x}{}
\BOOKMARK [1][-]{section.2.1}{\376\377\000F\000i\000l\000e\000\040\000L\000i\000s\000t}{chapter.2}
\BOOKMARK [0][-]{chapter.3}{\376\377\000D\000a\000t\000a\000\040\000S\000t\000r\000u\000c\000t\000u\000r\000e\000\040\000D\000o\000c\000u\000m\000e\000n\000t\000a\000t\000i\000o\000n}{}
\BOOKMARK [1][-]{section.3.1}{\376\377\000s\000F\000o\000r\000m\000a\000l\000C\000o\000n\000c\000e\000p\000t\000I\000n\000t\000e\000n\000t\000B\000u\000l\000k\000N\000o\000d\000e\000\040\000S\000t\000r\000u\000c\000t\000\040\000R\000e\000f\000e\000r\000e\000n\000c\000e}{chapter.3}
\BOOKMARK [2][-]{subsection.3.1.1}{\376\377\000D\000e\000t\000a\000i\000l\000e\000d\000\040\000D\000e\000s\000c\000r\000i\000p\000t\000i\000o\000n}{section.3.1}
\BOOKMARK [2][-]{subsection.3.1.2}{\376\377\000F\000i\000e\000l\000d\000\040\000D\000o\000c\000u\000m\000e\000n\000t\000a\000t\000i\000o\000n}{section.3.1}
\BOOKMARK [3][-]{subsubsection.3.1.2.1}{\376\377\000a\000t\000t\000r\000i\000b\000u\000t\000e\000s}{subsection.3.1.2}
\BOOKMARK [3][-]{subsubsection.3.1.2.2}{\376\377\000c\000h\000u\000n\000k\000s}{subsection.3.1.2}
\BOOKMARK [3][-]{subsubsection.3.1.2.3}{\376\377\000n\000e\000x\000t}{subsection.3.1.2}
\BOOKMARK [3][-]{subsubsection.3.1.2.4}{\376\377\000s\000i\000z\000e}{subsection.3.1.2}
\BOOKMARK [1][-]{section.3.2}{\376\377\000s\000F\000o\000r\000m\000a\000l\000C\000o\000n\000c\000e\000p\000t\000I\000n\000t\000e\000n\000t\000B\000u\000l\000k\000N\000o\000d\000e\000V\000\040\000S\000t\000r\000u\000c\000t\000\040\000R\000e\000f\000e\000r\000e\000n\000c\000e}{chapter.3}
\BOOKMARK [2][-]{subsection.3.2.1}{\376\377\000D\000e\000t\000a\000i\000l\000e\000d\000\040\000D\000e\000s\000c\000r\000i\000p\000t\000i\000o\000n}{section.3.2}
\BOOKMARK [2][-]{subsection.3.2.2}{\376\377\000F\000i\000e\000l\000d\000\040\000D\000o\000c\000u\000m\000e\000n\000t\000a\000t\000i\000o\000n}{section.3.2}
\BOOKMARK [3][-]{subsubsection.3.2.2.1}{\376\377\000a\000t\000t\000r\000i\000b\000u\000t\000e\000s}{subsection.3.2.2}
\BOOKMARK [3][-]{subsubsection.3.2.2.2}{\376\377\000c\000h\000u\000n\000k\000s}{subsection.3.2.2}
\BOOKMARK [3][-]{subsubsection.3.2.2.3}{\376\377\000n\000e\000x\000t}{subsection.3.2.2}
\BOOKMARK [3][-]{subsubsection.3.2.2.4}{\376\377\000s\000i\000z\000e}{subsection.3.2.2}
\BOOKMARK [3][-]{subsubsection.3.2.2.5}{\376\377\000w\000i\000d\000t\000h}{subsection.3.2.2}
\BOOKMARK [1][-]{section.3.3}{\376\377\000s\000F\000o\000r\000m\000a\000l\000I\000n\000t\000e\000n\000t\000\040\000S\000t\000r\000u\000c\000t\000\040\000R\000e\000f\000e\000r\000e\000n\000c\000e}{chapter.3}
\BOOKMARK [2][-]{subsection.3.3.1}{\376\377\000D\000e\000t\000a\000i\000l\000e\000d\000\040\000D\000e\000s\000c\000r\000i\000p\000t\000i\000o\000n}{section.3.3}
\BOOKMARK [2][-]{subsection.3.3.2}{\376\377\000F\000i\000e\000l\000d\000\040\000D\000o\000c\000u\000m\000e\000n\000t\000a\000t\000i\000o\000n}{section.3.3}
\BOOKMARK [3][-]{subsubsection.3.3.2.1}{\376\377\000a\000t\000t\000r\000i\000b\000u\000t\000e\000s}{subsection.3.3.2}
\BOOKMARK [3][-]{subsubsection.3.3.2.2}{\376\377\000i\000n\000c\000i\000d\000e\000n\000c\000e}{subsection.3.3.2}
\BOOKMARK [1][-]{section.3.4}{\376\377\000s\000F\000o\000r\000m\000a\000l\000I\000n\000t\000e\000n\000t\000V\000\040\000S\000t\000r\000u\000c\000t\000\040\000R\000e\000f\000e\000r\000e\000n\000c\000e}{chapter.3}
\BOOKMARK [2][-]{subsection.3.4.1}{\376\377\000D\000e\000t\000a\000i\000l\000e\000d\000\040\000D\000e\000s\000c\000r\000i\000p\000t\000i\000o\000n}{section.3.4}
\BOOKMARK [2][-]{subsection.3.4.2}{\376\377\000F\000i\000e\000l\000d\000\040\000D\000o\000c\000u\000m\000e\000n\000t\000a\000t\000i\000o\000n}{section.3.4}
\BOOKMARK [3][-]{subsubsection.3.4.2.1}{\376\377\000a\000t\000t\000r\000i\000b\000u\000t\000e\000s}{subsection.3.4.2}
\BOOKMARK [3][-]{subsubsection.3.4.2.2}{\376\377\000i\000n\000c\000i\000d\000e\000n\000c\000e}{subsection.3.4.2}
\BOOKMARK [3][-]{subsubsection.3.4.2.3}{\376\377\000w\000i\000d\000t\000h}{subsection.3.4.2}
\BOOKMARK [1][-]{section.3.5}{\376\377\000s\000m\000y\000F\000o\000r\000m\000a\000l\000C\000o\000n\000c\000e\000p\000t\000I\000n\000t\000e\000n\000t\000C\000h\000u\000n\000k\000\040\000S\000t\000r\000u\000c\000t\000\040\000R\000e\000f\000e\000r\000e\000n\000c\000e}{chapter.3}
\BOOKMARK [2][-]{subsection.3.5.1}{\376\377\000D\000e\000t\000a\000i\000l\000e\000d\000\040\000D\000e\000s\000c\000r\000i\000p\000t\000i\000o\000n}{section.3.5}
\BOOKMARK [2][-]{subsection.3.5.2}{\376\377\000F\000i\000e\000l\000d\000\040\000D\000o\000c\000u\000m\000e\000n\000t\000a\000t\000i\000o\000n}{section.3.5}
\BOOKMARK [3][-]{subsubsection.3.5.2.1}{\376\377\000a\000t\000t\000r\000i\000b\000u\000t\000e\000s}{subsection.3.5.2}
\BOOKMARK [3][-]{subsubsection.3.5.2.2}{\376\377\000i\000n\000c\000i\000d\000e\000n\000c\000e}{subsection.3.5.2}
\BOOKMARK [3][-]{subsubsection.3.5.2.3}{\376\377\000s\000i\000z\000e}{subsection.3.5.2}
\BOOKMARK [1][-]{section.3.6}{\376\377\000s\000m\000y\000F\000o\000r\000m\000a\000l\000C\000o\000n\000c\000e\000p\000t\000I\000n\000t\000e\000n\000t\000C\000h\000u\000n\000k\000V\000\040\000S\000t\000r\000u\000c\000t\000\040\000R\000e\000f\000e\000r\000e\000n\000c\000e}{chapter.3}
\BOOKMARK [2][-]{subsection.3.6.1}{\376\377\000D\000e\000t\000a\000i\000l\000e\000d\000\040\000D\000e\000s\000c\000r\000i\000p\000t\000i\000o\000n}{section.3.6}
\BOOKMARK [2][-]{subsection.3.6.2}{\376\377\000F\000i\000e\000l\000d\000\040\000D\000o\000c\000u\000m\000e\000n\000t\000a\000t\000i\000o\000n}{section.3.6}
\BOOKMARK [3][-]{subsubsection.3.6.2.1}{\376\377\000a\000t\000t\000r\000i\000b\000u\000t\000e\000s}{subsection.3.6.2}
\BOOKMARK [3][-]{subsubsection.3.6.2.2}{\376\377\000i\000n\000c\000i\000d\000e\000n\000c\000e}{subsection.3.6.2}
\BOOKMARK [3][-]{subsubsection.3.6.2.3}{\376\377\000s\000i\000z\000e}{subsection.3.6.2}
\BOOKMARK [3][-]{subsubsection.3.6.2.4}{\376\377\000w\000i\000d\000t\000h}{subsection.3.6.2}
\BOOKMARK [1][-]{section.3.7}{\376\377\000s\000m\000y\000F\000o\000r\000m\000a\000l\000C\000o\000n\000t\000e\000x\000t\000\040\000S\000t\000r\000u\000c\000t\000\040\000R\000e\000f\000e\000r\000e\000n\000c\000e}{chapter.3}
\BOOKMARK [2][-]{subsection.3.7.1}{\376\377\000D\000e\000t\000a\000i\000l\000e\000d\000\040\000D\000e\000s\000c\000r\000i\000p\000t\000i\000o\000n}{section.3.7}
\BOOKMARK [2][-]{subsection.3.7.2}{\376\377\000F\000i\000e\000l\000d\000\040\000D\000o\000c\000u\000m\000e\000n\000t\000a\000t\000i\000o\000n}{section.3.7}
\BOOKMARK [3][-]{subsubsection.3.7.2.1}{\376\377\000a\000t\000t\000r\000i\000b\000u\000t\000e\000N\000a\000m\000e\000s}{subsection.3.7.2}
\BOOKMARK [3][-]{subsubsection.3.7.2.2}{\376\377\000a\000t\000t\000r\000i\000b\000u\000t\000e\000s}{subsection.3.7.2}
\BOOKMARK [3][-]{subsubsection.3.7.2.3}{\376\377\000i\000n\000c\000i\000d\000e\000n\000c\000e}{subsection.3.7.2}
\BOOKMARK [3][-]{subsubsection.3.7.2.4}{\376\377\000o\000b\000j\000e\000c\000t\000N\000a\000m\000e\000s}{subsection.3.7.2}
\BOOKMARK [3][-]{subsubsection.3.7.2.5}{\376\377\000o\000b\000j\000e\000c\000t\000s}{subsection.3.7.2}
\BOOKMARK [1][-]{section.3.8}{\376\377\000s\000m\000y\000F\000o\000r\000m\000a\000l\000C\000o\000n\000t\000e\000x\000t\000V\000\040\000S\000t\000r\000u\000c\000t\000\040\000R\000e\000f\000e\000r\000e\000n\000c\000e}{chapter.3}
\BOOKMARK [2][-]{subsection.3.8.1}{\376\377\000D\000e\000t\000a\000i\000l\000e\000d\000\040\000D\000e\000s\000c\000r\000i\000p\000t\000i\000o\000n}{section.3.8}
\BOOKMARK [2][-]{subsection.3.8.2}{\376\377\000F\000i\000e\000l\000d\000\040\000D\000o\000c\000u\000m\000e\000n\000t\000a\000t\000i\000o\000n}{section.3.8}
\BOOKMARK [3][-]{subsubsection.3.8.2.1}{\376\377\000a\000t\000t\000r\000i\000b\000u\000t\000e\000N\000a\000m\000e\000s}{subsection.3.8.2}
\BOOKMARK [3][-]{subsubsection.3.8.2.2}{\376\377\000a\000t\000t\000r\000i\000b\000u\000t\000e\000s}{subsection.3.8.2}
\BOOKMARK [3][-]{subsubsection.3.8.2.3}{\376\377\000i\000n\000c\000i\000d\000e\000n\000c\000e}{subsection.3.8.2}
\BOOKMARK [3][-]{subsubsection.3.8.2.4}{\376\377\000o\000b\000j\000e\000c\000t\000N\000a\000m\000e\000s}{subsection.3.8.2}
\BOOKMARK [3][-]{subsubsection.3.8.2.5}{\376\377\000o\000b\000j\000e\000c\000t\000s}{subsection.3.8.2}
\BOOKMARK [3][-]{subsubsection.3.8.2.6}{\376\377\000w\000i\000d\000t\000h}{subsection.3.8.2}
\BOOKMARK [1][-]{section.3.9}{\376\377\000s\000n\000e\000x\000t\000C\000l\000o\000s\000u\000r\000e\000V\000X\0001\000P\000a\000r\000a\000m\000s\000\040\000S\000t\000r\000u\000c\000t\000\040\000R\000e\000f\000e\000r\000e\000n\000c\000e}{chapter.3}
\BOOKMARK [2][-]{subsection.3.9.1}{\376\377\000D\000e\000t\000a\000i\000l\000e\000d\000\040\000D\000e\000s\000c\000r\000i\000p\000t\000i\000o\000n}{section.3.9}
\BOOKMARK [2][-]{subsection.3.9.2}{\376\377\000F\000i\000e\000l\000d\000\040\000D\000o\000c\000u\000m\000e\000n\000t\000a\000t\000i\000o\000n}{section.3.9}
\BOOKMARK [3][-]{subsubsection.3.9.2.1}{\376\377\000c\000t\000x}{subsection.3.9.2}
\BOOKMARK [3][-]{subsubsection.3.9.2.2}{\376\377\000r\000V\000a\000l}{subsection.3.9.2}
\BOOKMARK [3][-]{subsubsection.3.9.2.3}{\376\377\000s\000t\000a\000r\000t}{subsection.3.9.2}
\BOOKMARK [3][-]{subsubsection.3.9.2.4}{\376\377\000s\000t\000o\000p}{subsection.3.9.2}
\BOOKMARK [0][-]{chapter.4}{\376\377\000F\000i\000l\000e\000\040\000D\000o\000c\000u\000m\000e\000n\000t\000a\000t\000i\000o\000n}{}
\BOOKMARK [1][-]{section.4.1}{\376\377\000s\000r\000c\000/\000c\000f\000c\000a\000.\000c\000\040\000F\000i\000l\000e\000\040\000R\000e\000f\000e\000r\000e\000n\000c\000e}{chapter.4}
\BOOKMARK [2][-]{subsection.4.1.1}{\376\377\000F\000u\000n\000c\000t\000i\000o\000n\000\040\000D\000o\000c\000u\000m\000e\000n\000t\000a\000t\000i\000o\000n}{section.4.1}
\BOOKMARK [3][-]{subsubsection.4.1.1.1}{\376\377\000m\000a\000i\000n}{subsection.4.1.1}
\BOOKMARK [1][-]{section.4.2}{\376\377\000s\000r\000c\000/\000f\000c\000a\000/\000c\000o\000m\000m\000o\000n\000.\000h\000\040\000F\000i\000l\000e\000\040\000R\000e\000f\000e\000r\000e\000n\000c\000e}{chapter.4}
\BOOKMARK [1][-]{section.4.3}{\376\377\000s\000r\000c\000/\000f\000c\000a\000/\000c\000o\000m\000m\000o\000n\000/\000m\000a\000c\000r\000o\000s\000.\000h\000\040\000F\000i\000l\000e\000\040\000R\000e\000f\000e\000r\000e\000n\000c\000e}{chapter.4}
\BOOKMARK [2][-]{subsection.4.3.1}{\376\377\000D\000e\000f\000i\000n\000e\000\040\000D\000o\000c\000u\000m\000e\000n\000t\000a\000t\000i\000o\000n}{section.4.3}
\BOOKMARK [3][-]{subsubsection.4.3.1.1}{\376\377\000M\000A\000X}{subsection.4.3.1}
\BOOKMARK [3][-]{subsubsection.4.3.1.2}{\376\377\000M\000I\000N}{subsection.4.3.1}
\BOOKMARK [3][-]{subsubsection.4.3.1.3}{\376\377\000R\000E\000T\000U\000R\000N\000\137\000I\000F\000\137\000Z\000E\000R\000O}{subsection.4.3.1}
\BOOKMARK [3][-]{subsubsection.4.3.1.4}{\376\377\000R\000E\000T\000U\000R\000N\000\137\000Z\000E\000R\000O\000\137\000I\000F\000\137\000Z\000E\000R\000O}{subsection.4.3.1}
\BOOKMARK [3][-]{subsubsection.4.3.1.5}{\376\377\000W\000A\000R\000N\000\137\000I\000F\000\137\000U\000N\000E\000Q\000U\000A\000L\000\137\000D\000O}{subsection.4.3.1}
\BOOKMARK [1][-]{section.4.4}{\376\377\000s\000r\000c\000/\000f\000c\000a\000/\000e\000a\000s\000y\000/\000m\000a\000c\000r\000o\000s\000.\000h\000\040\000F\000i\000l\000e\000\040\000R\000e\000f\000e\000r\000e\000n\000c\000e}{chapter.4}
\BOOKMARK [2][-]{subsection.4.4.1}{\376\377\000D\000e\000t\000a\000i\000l\000e\000d\000\040\000D\000e\000s\000c\000r\000i\000p\000t\000i\000o\000n}{section.4.4}
\BOOKMARK [2][-]{subsection.4.4.2}{\376\377\000D\000e\000f\000i\000n\000e\000\040\000D\000o\000c\000u\000m\000e\000n\000t\000a\000t\000i\000o\000n}{section.4.4}
\BOOKMARK [3][-]{subsubsection.4.4.2.1}{\376\377\000C\000E\000L\000L}{subsection.4.4.2}
\BOOKMARK [3][-]{subsubsection.4.4.2.2}{\376\377\000C\000L\000E\000A\000R}{subsection.4.4.2}
\BOOKMARK [3][-]{subsubsection.4.4.2.3}{\376\377\000C\000R\000O\000S\000S}{subsection.4.4.2}
\BOOKMARK [3][-]{subsubsection.4.4.2.4}{\376\377\000g\000I\000m}{subsection.4.4.2}
\BOOKMARK [3][-]{subsubsection.4.4.2.5}{\376\377\000I\000N\000C\000I\000D\000E\000S}{subsection.4.4.2}
\BOOKMARK [1][-]{section.4.5}{\376\377\000s\000r\000c\000/\000f\000c\000a\000/\000v\000e\000c\000t\000o\000r\000/\000m\000a\000c\000r\000o\000s\000.\000h\000\040\000F\000i\000l\000e\000\040\000R\000e\000f\000e\000r\000e\000n\000c\000e}{chapter.4}
\BOOKMARK [2][-]{subsection.4.5.1}{\376\377\000D\000e\000t\000a\000i\000l\000e\000d\000\040\000D\000e\000s\000c\000r\000i\000p\000t\000i\000o\000n}{section.4.5}
\BOOKMARK [2][-]{subsection.4.5.2}{\376\377\000D\000e\000f\000i\000n\000e\000\040\000D\000o\000c\000u\000m\000e\000n\000t\000a\000t\000i\000o\000n}{section.4.5}
\BOOKMARK [3][-]{subsubsection.4.5.2.1}{\376\377\000B\000I\000T\000N\000B\000R}{subsection.4.5.2}
\BOOKMARK [3][-]{subsubsection.4.5.2.2}{\376\377\000B\000I\000T\000V\000A\000L\000U\000E}{subsection.4.5.2}
\BOOKMARK [3][-]{subsubsection.4.5.2.3}{\376\377\000C\000L\000E\000A\000R\000V}{subsection.4.5.2}
\BOOKMARK [3][-]{subsubsection.4.5.2.4}{\376\377\000C\000R\000I\000M\000P\000V\000A\000L\000U\000E}{subsection.4.5.2}
\BOOKMARK [3][-]{subsubsection.4.5.2.5}{\376\377\000C\000R\000O\000S\000S\000V}{subsection.4.5.2}
\BOOKMARK [3][-]{subsubsection.4.5.2.6}{\376\377\000I\000N\000C\000I\000D\000E\000S\000V}{subsection.4.5.2}
\BOOKMARK [3][-]{subsubsection.4.5.2.7}{\376\377\000M\000A\000S\000K\000V\000E\000C\000T\000O\000R}{subsection.4.5.2}
\BOOKMARK [3][-]{subsubsection.4.5.2.8}{\376\377\000O\000F\000F\000S\000E\000T}{subsection.4.5.2}
\BOOKMARK [3][-]{subsubsection.4.5.2.9}{\376\377\000R\000O\000W}{subsection.4.5.2}
\BOOKMARK [3][-]{subsubsection.4.5.2.10}{\376\377\000W\000I\000D\000T\000H}{subsection.4.5.2}
\BOOKMARK [1][-]{section.4.6}{\376\377\000s\000r\000c\000/\000f\000c\000a\000/\000e\000a\000s\000y\000.\000h\000\040\000F\000i\000l\000e\000\040\000R\000e\000f\000e\000r\000e\000n\000c\000e}{chapter.4}
\BOOKMARK [2][-]{subsection.4.6.1}{\376\377\000D\000e\000t\000a\000i\000l\000e\000d\000\040\000D\000e\000s\000c\000r\000i\000p\000t\000i\000o\000n}{section.4.6}
\BOOKMARK [2][-]{subsection.4.6.2}{\376\377\000T\000y\000p\000e\000d\000e\000f\000\040\000D\000o\000c\000u\000m\000e\000n\000t\000a\000t\000i\000o\000n}{section.4.6}
\BOOKMARK [3][-]{subsubsection.4.6.2.1}{\376\377\000F\000o\000r\000m\000a\000l\000C\000o\000n\000t\000e\000x\000t}{subsection.4.6.2}
\BOOKMARK [3][-]{subsubsection.4.6.2.2}{\376\377\000F\000o\000r\000m\000a\000l\000I\000n\000t\000e\000n\000t}{subsection.4.6.2}
\BOOKMARK [3][-]{subsubsection.4.6.2.3}{\376\377\000I\000n\000c\000i\000d\000e\000n\000c\000e\000C\000e\000l\000l}{subsection.4.6.2}
\BOOKMARK [2][-]{subsection.4.6.3}{\376\377\000F\000u\000n\000c\000t\000i\000o\000n\000\040\000D\000o\000c\000u\000m\000e\000n\000t\000a\000t\000i\000o\000n}{section.4.6}
\BOOKMARK [3][-]{subsubsection.4.6.3.1}{\376\377\000c\000o\000u\000n\000t\000C\000o\000n\000t\000e\000x\000t\000C\000o\000n\000c\000e\000p\000t\000s}{subsection.4.6.3}
\BOOKMARK [3][-]{subsubsection.4.6.3.2}{\376\377\000d\000e\000l\000e\000t\000e\000F\000o\000r\000m\000a\000l\000C\000o\000n\000t\000e\000x\000t}{subsection.4.6.3}
\BOOKMARK [3][-]{subsubsection.4.6.3.3}{\376\377\000n\000e\000w\000F\000o\000r\000m\000a\000l\000C\000o\000n\000t\000e\000x\000t}{subsection.4.6.3}
\BOOKMARK [3][-]{subsubsection.4.6.3.4}{\376\377\000n\000e\000w\000F\000o\000r\000m\000a\000l\000C\000o\000n\000t\000e\000x\000t\000F\000r\000o\000m\000F\000i\000l\000e}{subsection.4.6.3}
\BOOKMARK [3][-]{subsubsection.4.6.3.5}{\376\377\000n\000e\000w\000F\000o\000r\000m\000a\000l\000C\000o\000n\000t\000e\000x\000t\000F\000r\000o\000m\000R\000a\000n\000d\000o\000m}{subsection.4.6.3}
\BOOKMARK [3][-]{subsubsection.4.6.3.6}{\376\377\000w\000r\000i\000t\000e\000F\000o\000r\000m\000a\000l\000C\000o\000n\000t\000e\000x\000t}{subsection.4.6.3}
\BOOKMARK [1][-]{section.4.7}{\376\377\000s\000r\000c\000/\000f\000c\000a\000/\000e\000a\000s\000y\000/\000f\000c\000a\000.\000c\000\040\000F\000i\000l\000e\000\040\000R\000e\000f\000e\000r\000e\000n\000c\000e}{chapter.4}
\BOOKMARK [2][-]{subsection.4.7.1}{\376\377\000D\000e\000t\000a\000i\000l\000e\000d\000\040\000D\000e\000s\000c\000r\000i\000p\000t\000i\000o\000n}{section.4.7}
\BOOKMARK [2][-]{subsection.4.7.2}{\376\377\000F\000u\000n\000c\000t\000i\000o\000n\000\040\000D\000o\000c\000u\000m\000e\000n\000t\000a\000t\000i\000o\000n}{section.4.7}
\BOOKMARK [3][-]{subsubsection.4.7.2.1}{\376\377\000a\000d\000d\000C\000o\000n\000c\000e\000p\000t\000T\000o\000B\000u\000l\000k}{subsection.4.7.2}
\BOOKMARK [3][-]{subsubsection.4.7.2.2}{\376\377\000c\000l\000o\000s\000e\000I\000n\000t\000e\000n\000t}{subsection.4.7.2}
\BOOKMARK [3][-]{subsubsection.4.7.2.3}{\376\377\000c\000l\000o\000s\000e\000I\000n\000t\000e\000n\000t\0002}{subsection.4.7.2}
\BOOKMARK [3][-]{subsubsection.4.7.2.4}{\376\377\000c\000o\000u\000n\000t\000C\000o\000n\000c\000e\000p\000t\000s\000I\000n\000B\000u\000l\000k}{subsection.4.7.2}
\BOOKMARK [3][-]{subsubsection.4.7.2.5}{\376\377\000c\000o\000u\000n\000t\000C\000o\000n\000t\000e\000x\000t\000C\000o\000n\000c\000e\000p\000t\000s}{subsection.4.7.2}
\BOOKMARK [3][-]{subsubsection.4.7.2.6}{\376\377\000c\000o\000u\000n\000t\000C\000o\000n\000t\000e\000x\000t\000C\000o\000n\000c\000e\000p\000t\000s\0002}{subsection.4.7.2}
\BOOKMARK [3][-]{subsubsection.4.7.2.7}{\376\377\000d\000e\000l\000e\000t\000e\000C\000o\000n\000c\000e\000p\000t\000B\000u\000l\000k}{subsection.4.7.2}
\BOOKMARK [3][-]{subsubsection.4.7.2.8}{\376\377\000d\000e\000l\000e\000t\000e\000C\000o\000n\000c\000e\000p\000t\000C\000h\000u\000n\000k}{subsection.4.7.2}
\BOOKMARK [3][-]{subsubsection.4.7.2.9}{\376\377\000d\000e\000l\000e\000t\000e\000F\000o\000r\000m\000a\000l\000C\000o\000n\000t\000e\000x\000t}{subsection.4.7.2}
\BOOKMARK [3][-]{subsubsection.4.7.2.10}{\376\377\000i\000n\000t\000e\000n\000t\000C\000m\000p}{subsection.4.7.2}
\BOOKMARK [3][-]{subsubsection.4.7.2.11}{\376\377\000n\000e\000w\000C\000o\000n\000c\000e\000p\000t\000B\000u\000l\000k}{subsection.4.7.2}
\BOOKMARK [3][-]{subsubsection.4.7.2.12}{\376\377\000n\000e\000w\000C\000o\000n\000c\000e\000p\000t\000B\000u\000l\000k\000F\000r\000o\000m\000C\000o\000n\000t\000e\000x\000t}{subsection.4.7.2}
\BOOKMARK [3][-]{subsubsection.4.7.2.13}{\376\377\000n\000e\000w\000C\000o\000n\000c\000e\000p\000t\000C\000h\000u\000n\000k}{subsection.4.7.2}
\BOOKMARK [3][-]{subsubsection.4.7.2.14}{\376\377\000n\000e\000w\000F\000o\000r\000m\000a\000l\000C\000o\000n\000t\000e\000x\000t}{subsection.4.7.2}
\BOOKMARK [3][-]{subsubsection.4.7.2.15}{\376\377\000n\000e\000w\000F\000o\000r\000m\000a\000l\000C\000o\000n\000t\000e\000x\000t\000F\000r\000o\000m\000F\000i\000l\000e}{subsection.4.7.2}
\BOOKMARK [3][-]{subsubsection.4.7.2.16}{\376\377\000n\000e\000w\000F\000o\000r\000m\000a\000l\000C\000o\000n\000t\000e\000x\000t\000F\000r\000o\000m\000R\000a\000n\000d\000o\000m}{subsection.4.7.2}
\BOOKMARK [3][-]{subsubsection.4.7.2.17}{\376\377\000w\000r\000i\000t\000e\000C\000o\000n\000c\000e\000p\000t\000s\000T\000o\000F\000i\000l\000e}{subsection.4.7.2}
\BOOKMARK [3][-]{subsubsection.4.7.2.18}{\376\377\000w\000r\000i\000t\000e\000F\000o\000r\000m\000a\000l\000C\000o\000n\000t\000e\000x\000t}{subsection.4.7.2}
\BOOKMARK [1][-]{section.4.8}{\376\377\000s\000r\000c\000/\000f\000c\000a\000/\000e\000a\000s\000y\000/\000p\000r\000i\000v\000a\000t\000e\000.\000h\000\040\000F\000i\000l\000e\000\040\000R\000e\000f\000e\000r\000e\000n\000c\000e}{chapter.4}
\BOOKMARK [2][-]{subsection.4.8.1}{\376\377\000F\000u\000n\000c\000t\000i\000o\000n\000\040\000D\000o\000c\000u\000m\000e\000n\000t\000a\000t\000i\000o\000n}{section.4.8}
\BOOKMARK [3][-]{subsubsection.4.8.1.1}{\376\377\000a\000d\000d\000C\000o\000n\000c\000e\000p\000t\000T\000o\000B\000u\000l\000k}{subsection.4.8.1}
\BOOKMARK [3][-]{subsubsection.4.8.1.2}{\376\377\000c\000l\000o\000s\000e\000I\000n\000t\000e\000n\000t}{subsection.4.8.1}
\BOOKMARK [3][-]{subsubsection.4.8.1.3}{\376\377\000c\000l\000o\000s\000e\000I\000n\000t\000e\000n\000t\0002}{subsection.4.8.1}
\BOOKMARK [3][-]{subsubsection.4.8.1.4}{\376\377\000c\000o\000u\000n\000t\000C\000o\000n\000c\000e\000p\000t\000s\000I\000n\000B\000u\000l\000k}{subsection.4.8.1}
\BOOKMARK [3][-]{subsubsection.4.8.1.5}{\376\377\000d\000e\000l\000e\000t\000e\000C\000o\000n\000c\000e\000p\000t\000B\000u\000l\000k}{subsection.4.8.1}
\BOOKMARK [3][-]{subsubsection.4.8.1.6}{\376\377\000d\000e\000l\000e\000t\000e\000C\000o\000n\000c\000e\000p\000t\000C\000h\000u\000n\000k}{subsection.4.8.1}
\BOOKMARK [3][-]{subsubsection.4.8.1.7}{\376\377\000i\000n\000t\000e\000n\000t\000C\000m\000p}{subsection.4.8.1}
\BOOKMARK [3][-]{subsubsection.4.8.1.8}{\376\377\000n\000e\000w\000C\000o\000n\000c\000e\000p\000t\000B\000u\000l\000k}{subsection.4.8.1}
\BOOKMARK [3][-]{subsubsection.4.8.1.9}{\376\377\000n\000e\000w\000C\000o\000n\000c\000e\000p\000t\000B\000u\000l\000k\000F\000r\000o\000m\000C\000o\000n\000t\000e\000x\000t}{subsection.4.8.1}
\BOOKMARK [3][-]{subsubsection.4.8.1.10}{\376\377\000n\000e\000w\000C\000o\000n\000c\000e\000p\000t\000C\000h\000u\000n\000k}{subsection.4.8.1}
\BOOKMARK [3][-]{subsubsection.4.8.1.11}{\376\377\000w\000r\000i\000t\000e\000C\000o\000n\000c\000e\000p\000t\000s\000T\000o\000F\000i\000l\000e}{subsection.4.8.1}
\BOOKMARK [1][-]{section.4.9}{\376\377\000s\000r\000c\000/\000f\000c\000a\000/\000v\000e\000c\000t\000o\000r\000/\000p\000r\000i\000v\000a\000t\000e\000.\000h\000\040\000F\000i\000l\000e\000\040\000R\000e\000f\000e\000r\000e\000n\000c\000e}{chapter.4}
\BOOKMARK [2][-]{subsection.4.9.1}{\376\377\000F\000u\000n\000c\000t\000i\000o\000n\000\040\000D\000o\000c\000u\000m\000e\000n\000t\000a\000t\000i\000o\000n}{section.4.9}
\BOOKMARK [3][-]{subsubsection.4.9.1.1}{\376\377\000a\000d\000d\000C\000o\000n\000c\000e\000p\000t\000T\000o\000B\000u\000l\000k\000V}{subsection.4.9.1}
\BOOKMARK [3][-]{subsubsection.4.9.1.2}{\376\377\000c\000l\000o\000s\000e\000I\000n\000t\000e\000n\000t\000V}{subsection.4.9.1}
\BOOKMARK [3][-]{subsubsection.4.9.1.3}{\376\377\000c\000o\000u\000n\000t\000C\000o\000n\000c\000e\000p\000t\000s\000I\000n\000B\000u\000l\000k\000V}{subsection.4.9.1}
\BOOKMARK [3][-]{subsubsection.4.9.1.4}{\376\377\000d\000e\000l\000e\000t\000e\000C\000o\000n\000c\000e\000p\000t\000B\000u\000l\000k\000V}{subsection.4.9.1}
\BOOKMARK [3][-]{subsubsection.4.9.1.5}{\376\377\000d\000e\000l\000e\000t\000e\000C\000o\000n\000c\000e\000p\000t\000C\000h\000u\000n\000k\000V}{subsection.4.9.1}
\BOOKMARK [3][-]{subsubsection.4.9.1.6}{\376\377\000i\000n\000t\000e\000n\000t\000C\000m\000p\000V}{subsection.4.9.1}
\BOOKMARK [3][-]{subsubsection.4.9.1.7}{\376\377\000n\000e\000w\000C\000o\000n\000c\000e\000p\000t\000B\000u\000l\000k\000F\000r\000o\000m\000C\000o\000n\000t\000e\000x\000t\000V}{subsection.4.9.1}
\BOOKMARK [3][-]{subsubsection.4.9.1.8}{\376\377\000n\000e\000w\000C\000o\000n\000c\000e\000p\000t\000B\000u\000l\000k\000V}{subsection.4.9.1}
\BOOKMARK [3][-]{subsubsection.4.9.1.9}{\376\377\000n\000e\000w\000C\000o\000n\000c\000e\000p\000t\000C\000h\000u\000n\000k\000V}{subsection.4.9.1}
\BOOKMARK [3][-]{subsubsection.4.9.1.10}{\376\377\000n\000e\000x\000t\000C\000l\000o\000s\000u\000r\000e\000V\000X}{subsection.4.9.1}
\BOOKMARK [3][-]{subsubsection.4.9.1.11}{\376\377\000n\000e\000x\000t\000C\000l\000o\000s\000u\000r\000e\000V\000X\0001}{subsection.4.9.1}
\BOOKMARK [3][-]{subsubsection.4.9.1.12}{\376\377\000w\000r\000i\000t\000e\000C\000o\000n\000c\000e\000p\000t\000s\000T\000o\000F\000i\000l\000e\000V}{subsection.4.9.1}
\BOOKMARK [1][-]{section.4.10}{\376\377\000s\000r\000c\000/\000f\000c\000a\000/\000e\000a\000s\000y\000/\000s\000t\000r\000u\000c\000t\000s\000.\000h\000\040\000F\000i\000l\000e\000\040\000R\000e\000f\000e\000r\000e\000n\000c\000e}{chapter.4}
\BOOKMARK [2][-]{subsection.4.10.1}{\376\377\000D\000e\000f\000i\000n\000e\000\040\000D\000o\000c\000u\000m\000e\000n\000t\000a\000t\000i\000o\000n}{section.4.10}
\BOOKMARK [3][-]{subsubsection.4.10.1.1}{\376\377\000B\000U\000L\000K\000S\000I\000Z\000E}{subsection.4.10.1}
\BOOKMARK [3][-]{subsubsection.4.10.1.2}{\376\377\000C\000H\000U\000N\000K\000S\000I\000Z\000E}{subsection.4.10.1}
\BOOKMARK [3][-]{subsubsection.4.10.1.3}{\376\377\000I\000N\000P\000U\000T\000B\000U\000F\000F\000E\000R\000S\000I\000Z\000E}{subsection.4.10.1}
\BOOKMARK [2][-]{subsection.4.10.2}{\376\377\000T\000y\000p\000e\000d\000e\000f\000\040\000D\000o\000c\000u\000m\000e\000n\000t\000a\000t\000i\000o\000n}{section.4.10}
\BOOKMARK [3][-]{subsubsection.4.10.2.1}{\376\377\000F\000o\000r\000m\000a\000l\000C\000o\000n\000c\000e\000p\000t\000I\000n\000t\000e\000n\000t\000B\000u\000l\000k\000L\000i\000s\000t}{subsection.4.10.2}
\BOOKMARK [3][-]{subsubsection.4.10.2.2}{\376\377\000m\000y\000F\000o\000r\000m\000a\000l\000C\000o\000n\000c\000e\000p\000t\000I\000n\000t\000e\000n\000t\000C\000h\000u\000n\000k}{subsection.4.10.2}
\BOOKMARK [3][-]{subsubsection.4.10.2.3}{\376\377\000m\000y\000F\000o\000r\000m\000a\000l\000C\000o\000n\000t\000e\000x\000t}{subsection.4.10.2}
\BOOKMARK [1][-]{section.4.11}{\376\377\000s\000r\000c\000/\000f\000c\000a\000/\000v\000e\000c\000t\000o\000r\000/\000s\000t\000r\000u\000c\000t\000s\000.\000h\000\040\000F\000i\000l\000e\000\040\000R\000e\000f\000e\000r\000e\000n\000c\000e}{chapter.4}
\BOOKMARK [2][-]{subsection.4.11.1}{\376\377\000D\000e\000f\000i\000n\000e\000\040\000D\000o\000c\000u\000m\000e\000n\000t\000a\000t\000i\000o\000n}{section.4.11}
\BOOKMARK [3][-]{subsubsection.4.11.1.1}{\376\377\000B\000U\000L\000K\000S\000I\000Z\000E\000V}{subsection.4.11.1}
\BOOKMARK [3][-]{subsubsection.4.11.1.2}{\376\377\000C\000H\000U\000N\000K\000S\000I\000Z\000E\000V}{subsection.4.11.1}
\BOOKMARK [3][-]{subsubsection.4.11.1.3}{\376\377\000I\000N\000P\000U\000T\000B\000U\000F\000F\000E\000R\000S\000I\000Z\000E}{subsection.4.11.1}
\BOOKMARK [2][-]{subsection.4.11.2}{\376\377\000T\000y\000p\000e\000d\000e\000f\000\040\000D\000o\000c\000u\000m\000e\000n\000t\000a\000t\000i\000o\000n}{section.4.11}
\BOOKMARK [3][-]{subsubsection.4.11.2.1}{\376\377\000F\000o\000r\000m\000a\000l\000C\000o\000n\000c\000e\000p\000t\000I\000n\000t\000e\000n\000t\000B\000u\000l\000k\000L\000i\000s\000t\000V}{subsection.4.11.2}
\BOOKMARK [3][-]{subsubsection.4.11.2.2}{\376\377\000m\000y\000F\000o\000r\000m\000a\000l\000C\000o\000n\000c\000e\000p\000t\000I\000n\000t\000e\000n\000t\000C\000h\000u\000n\000k\000V}{subsection.4.11.2}
\BOOKMARK [3][-]{subsubsection.4.11.2.3}{\376\377\000m\000y\000F\000o\000r\000m\000a\000l\000C\000o\000n\000t\000e\000x\000t\000V}{subsection.4.11.2}
\BOOKMARK [1][-]{section.4.12}{\376\377\000s\000r\000c\000/\000f\000c\000a\000/\000f\000c\000a\000.\000h\000\040\000F\000i\000l\000e\000\040\000R\000e\000f\000e\000r\000e\000n\000c\000e}{chapter.4}
\BOOKMARK [2][-]{subsection.4.12.1}{\376\377\000D\000e\000t\000a\000i\000l\000e\000d\000\040\000D\000e\000s\000c\000r\000i\000p\000t\000i\000o\000n}{section.4.12}
\BOOKMARK [1][-]{section.4.13}{\376\377\000s\000r\000c\000/\000f\000c\000a\000/\000v\000e\000c\000t\000o\000r\000.\000h\000\040\000F\000i\000l\000e\000\040\000R\000e\000f\000e\000r\000e\000n\000c\000e}{chapter.4}
\BOOKMARK [2][-]{subsection.4.13.1}{\376\377\000D\000e\000t\000a\000i\000l\000e\000d\000\040\000D\000e\000s\000c\000r\000i\000p\000t\000i\000o\000n}{section.4.13}
\BOOKMARK [2][-]{subsection.4.13.2}{\376\377\000T\000y\000p\000e\000d\000e\000f\000\040\000D\000o\000c\000u\000m\000e\000n\000t\000a\000t\000i\000o\000n}{section.4.13}
\BOOKMARK [3][-]{subsubsection.4.13.2.1}{\376\377\000F\000o\000r\000m\000a\000l\000C\000o\000n\000t\000e\000x\000t\000V}{subsection.4.13.2}
\BOOKMARK [3][-]{subsubsection.4.13.2.2}{\376\377\000F\000o\000r\000m\000a\000l\000I\000n\000t\000e\000n\000t\000V}{subsection.4.13.2}
\BOOKMARK [3][-]{subsubsection.4.13.2.3}{\376\377\000I\000n\000c\000i\000d\000e\000n\000c\000e\000V\000e\000c\000t\000o\000r}{subsection.4.13.2}
\BOOKMARK [2][-]{subsection.4.13.3}{\376\377\000F\000u\000n\000c\000t\000i\000o\000n\000\040\000D\000o\000c\000u\000m\000e\000n\000t\000a\000t\000i\000o\000n}{section.4.13}
\BOOKMARK [3][-]{subsubsection.4.13.3.1}{\376\377\000d\000e\000l\000e\000t\000e\000F\000o\000r\000m\000a\000l\000C\000o\000n\000t\000e\000x\000t\000V}{subsection.4.13.3}
\BOOKMARK [3][-]{subsubsection.4.13.3.2}{\376\377\000n\000e\000w\000F\000o\000r\000m\000a\000l\000C\000o\000n\000t\000e\000x\000t\000F\000r\000o\000m\000F\000i\000l\000e\000V}{subsection.4.13.3}
\BOOKMARK [3][-]{subsubsection.4.13.3.3}{\376\377\000n\000e\000w\000F\000o\000r\000m\000a\000l\000C\000o\000n\000t\000e\000x\000t\000V}{subsection.4.13.3}
\BOOKMARK [3][-]{subsubsection.4.13.3.4}{\376\377\000w\000r\000i\000t\000e\000F\000o\000r\000m\000a\000l\000C\000o\000n\000t\000e\000x\000t\000V}{subsection.4.13.3}
\BOOKMARK [1][-]{section.4.14}{\376\377\000s\000r\000c\000/\000f\000c\000a\000/\000v\000e\000c\000t\000o\000r\000/\000f\000c\000a\000V\000.\000c\000\040\000F\000i\000l\000e\000\040\000R\000e\000f\000e\000r\000e\000n\000c\000e}{chapter.4}
\BOOKMARK [2][-]{subsection.4.14.1}{\376\377\000D\000e\000t\000a\000i\000l\000e\000d\000\040\000D\000e\000s\000c\000r\000i\000p\000t\000i\000o\000n}{section.4.14}
\BOOKMARK [2][-]{subsection.4.14.2}{\376\377\000F\000u\000n\000c\000t\000i\000o\000n\000\040\000D\000o\000c\000u\000m\000e\000n\000t\000a\000t\000i\000o\000n}{section.4.14}
\BOOKMARK [3][-]{subsubsection.4.14.2.1}{\376\377\000a\000d\000d\000C\000o\000n\000c\000e\000p\000t\000T\000o\000B\000u\000l\000k\000V}{subsection.4.14.2}
\BOOKMARK [3][-]{subsubsection.4.14.2.2}{\376\377\000c\000l\000o\000s\000e\000I\000n\000t\000e\000n\000t\000V}{subsection.4.14.2}
\BOOKMARK [3][-]{subsubsection.4.14.2.3}{\376\377\000c\000o\000u\000n\000t\000C\000o\000n\000c\000e\000p\000t\000s\000I\000n\000B\000u\000l\000k\000V}{subsection.4.14.2}
\BOOKMARK [3][-]{subsubsection.4.14.2.4}{\376\377\000c\000o\000u\000n\000t\000C\000o\000n\000t\000e\000x\000t\000C\000o\000n\000c\000e\000p\000t\000s\000V}{subsection.4.14.2}
\BOOKMARK [3][-]{subsubsection.4.14.2.5}{\376\377\000d\000e\000l\000e\000t\000e\000C\000o\000n\000c\000e\000p\000t\000B\000u\000l\000k\000V}{subsection.4.14.2}
\BOOKMARK [3][-]{subsubsection.4.14.2.6}{\376\377\000d\000e\000l\000e\000t\000e\000C\000o\000n\000c\000e\000p\000t\000C\000h\000u\000n\000k\000V}{subsection.4.14.2}
\BOOKMARK [3][-]{subsubsection.4.14.2.7}{\376\377\000d\000e\000l\000e\000t\000e\000F\000o\000r\000m\000a\000l\000C\000o\000n\000t\000e\000x\000t\000V}{subsection.4.14.2}
\BOOKMARK [3][-]{subsubsection.4.14.2.8}{\376\377\000i\000n\000t\000e\000n\000t\000C\000m\000p\000V}{subsection.4.14.2}
\BOOKMARK [3][-]{subsubsection.4.14.2.9}{\376\377\000n\000e\000w\000C\000o\000n\000c\000e\000p\000t\000B\000u\000l\000k\000F\000r\000o\000m\000C\000o\000n\000t\000e\000x\000t\000V}{subsection.4.14.2}
\BOOKMARK [3][-]{subsubsection.4.14.2.10}{\376\377\000n\000e\000w\000C\000o\000n\000c\000e\000p\000t\000B\000u\000l\000k\000V}{subsection.4.14.2}
\BOOKMARK [3][-]{subsubsection.4.14.2.11}{\376\377\000n\000e\000w\000C\000o\000n\000c\000e\000p\000t\000C\000h\000u\000n\000k\000V}{subsection.4.14.2}
\BOOKMARK [3][-]{subsubsection.4.14.2.12}{\376\377\000n\000e\000w\000F\000o\000r\000m\000a\000l\000C\000o\000n\000t\000e\000x\000t\000F\000r\000o\000m\000F\000i\000l\000e\000V}{subsection.4.14.2}
\BOOKMARK [3][-]{subsubsection.4.14.2.13}{\376\377\000n\000e\000w\000F\000o\000r\000m\000a\000l\000C\000o\000n\000t\000e\000x\000t\000V}{subsection.4.14.2}
\BOOKMARK [3][-]{subsubsection.4.14.2.14}{\376\377\000w\000r\000i\000t\000e\000C\000o\000n\000c\000e\000p\000t\000s\000T\000o\000F\000i\000l\000e\000V}{subsection.4.14.2}
\BOOKMARK [3][-]{subsubsection.4.14.2.15}{\376\377\000w\000r\000i\000t\000e\000F\000o\000r\000m\000a\000l\000C\000o\000n\000t\000e\000x\000t\000V}{subsection.4.14.2}
\BOOKMARK [1][-]{section.4.15}{\376\377\000s\000r\000c\000/\000f\000c\000a\000/\000v\000e\000c\000t\000o\000r\000/\000f\000c\000a\000V\000n\000e\000x\000t\000C\000l\000o\000s\000u\000r\000e\000X\000.\000c\000\040\000F\000i\000l\000e\000\040\000R\000e\000f\000e\000r\000e\000n\000c\000e}{chapter.4}
\BOOKMARK [2][-]{subsection.4.15.1}{\376\377\000D\000e\000t\000a\000i\000l\000e\000d\000\040\000D\000e\000s\000c\000r\000i\000p\000t\000i\000o\000n}{section.4.15}
\BOOKMARK [2][-]{subsection.4.15.2}{\376\377\000T\000y\000p\000e\000d\000e\000f\000\040\000D\000o\000c\000u\000m\000e\000n\000t\000a\000t\000i\000o\000n}{section.4.15}
\BOOKMARK [3][-]{subsubsection.4.15.2.1}{\376\377\000n\000e\000x\000t\000C\000l\000o\000s\000u\000r\000e\000V\000X\0001\000P\000a\000r\000a\000m\000s}{subsection.4.15.2}
\BOOKMARK [2][-]{subsection.4.15.3}{\376\377\000F\000u\000n\000c\000t\000i\000o\000n\000\040\000D\000o\000c\000u\000m\000e\000n\000t\000a\000t\000i\000o\000n}{section.4.15}
\BOOKMARK [3][-]{subsubsection.4.15.3.1}{\376\377\000c\000a\000l\000l\000N\000e\000x\000t\000C\000l\000o\000s\000u\000r\000e\000V\000X\0001}{subsection.4.15.3}
\BOOKMARK [3][-]{subsubsection.4.15.3.2}{\376\377\000n\000e\000x\000t\000C\000l\000o\000s\000u\000r\000e\000V\000X}{subsection.4.15.3}
\BOOKMARK [3][-]{subsubsection.4.15.3.3}{\376\377\000n\000e\000x\000t\000C\000l\000o\000s\000u\000r\000e\000V\000X\0001}{subsection.4.15.3}
\BOOKMARK [1][-]{section.4.16}{\376\377\000s\000r\000c\000/\000f\000c\000a\000/\000v\000e\000c\000t\000o\000r\000/\000s\000a\000f\000e\000g\000u\000a\000r\000d\000.\000h\000\040\000F\000i\000l\000e\000\040\000R\000e\000f\000e\000r\000e\000n\000c\000e}{chapter.4}
\BOOKMARK [2][-]{subsection.4.16.1}{\376\377\000D\000e\000t\000a\000i\000l\000e\000d\000\040\000D\000e\000s\000c\000r\000i\000p\000t\000i\000o\000n}{section.4.16}
\BOOKMARK [2][-]{subsection.4.16.2}{\376\377\000D\000e\000f\000i\000n\000e\000\040\000D\000o\000c\000u\000m\000e\000n\000t\000a\000t\000i\000o\000n}{section.4.16}
\BOOKMARK [3][-]{subsubsection.4.16.2.1}{\376\377\000a\000d\000d\000C\000o\000n\000c\000e\000p\000t\000T\000o\000B\000u\000l\000k}{subsection.4.16.2}
\BOOKMARK [3][-]{subsubsection.4.16.2.2}{\376\377\000B\000U\000L\000K\000S\000I\000Z\000E}{subsection.4.16.2}
\BOOKMARK [3][-]{subsubsection.4.16.2.3}{\376\377\000C\000H\000U\000N\000K\000S\000I\000Z\000E}{subsection.4.16.2}
\BOOKMARK [3][-]{subsubsection.4.16.2.4}{\376\377\000c\000l\000o\000s\000e\000I\000n\000t\000e\000n\000t}{subsection.4.16.2}
\BOOKMARK [3][-]{subsubsection.4.16.2.5}{\376\377\000c\000l\000o\000s\000e\000I\000n\000t\000e\000n\000t\0002}{subsection.4.16.2}
\BOOKMARK [3][-]{subsubsection.4.16.2.6}{\376\377\000c\000o\000u\000n\000t\000C\000o\000n\000c\000e\000p\000t\000s\000I\000n\000B\000u\000l\000k}{subsection.4.16.2}
\BOOKMARK [3][-]{subsubsection.4.16.2.7}{\376\377\000c\000o\000u\000n\000t\000C\000o\000n\000t\000e\000x\000t\000C\000o\000n\000c\000e\000p\000t\000s}{subsection.4.16.2}
\BOOKMARK [3][-]{subsubsection.4.16.2.8}{\376\377\000d\000e\000l\000e\000t\000e\000C\000o\000n\000c\000e\000p\000t\000B\000u\000l\000k}{subsection.4.16.2}
\BOOKMARK [3][-]{subsubsection.4.16.2.9}{\376\377\000d\000e\000l\000e\000t\000e\000C\000o\000n\000c\000e\000p\000t\000C\000h\000u\000n\000k}{subsection.4.16.2}
\BOOKMARK [3][-]{subsubsection.4.16.2.10}{\376\377\000d\000e\000l\000e\000t\000e\000F\000o\000r\000m\000a\000l\000C\000o\000n\000t\000e\000x\000t}{subsection.4.16.2}
\BOOKMARK [3][-]{subsubsection.4.16.2.11}{\376\377\000E\000R\000R\000O\000R\000\137\000T\000O\000K\000E\000N}{subsection.4.16.2}
\BOOKMARK [3][-]{subsubsection.4.16.2.12}{\376\377\000F\000o\000r\000m\000a\000l\000C\000o\000n\000t\000e\000x\000t}{subsection.4.16.2}
\BOOKMARK [3][-]{subsubsection.4.16.2.13}{\376\377\000F\000o\000r\000m\000a\000l\000I\000n\000t\000e\000n\000t}{subsection.4.16.2}
\BOOKMARK [3][-]{subsubsection.4.16.2.14}{\376\377\000I\000n\000c\000i\000d\000e\000n\000c\000e\000C\000e\000l\000l}{subsection.4.16.2}
\BOOKMARK [3][-]{subsubsection.4.16.2.15}{\376\377\000i\000n\000t\000e\000n\000t\000C\000m\000p}{subsection.4.16.2}
\BOOKMARK [3][-]{subsubsection.4.16.2.16}{\376\377\000m\000y\000F\000o\000r\000m\000a\000l\000C\000o\000n\000c\000e\000p\000t\000I\000n\000t\000e\000n\000t\000C\000h\000u\000n\000k}{subsection.4.16.2}
\BOOKMARK [3][-]{subsubsection.4.16.2.17}{\376\377\000m\000y\000F\000o\000r\000m\000a\000l\000C\000o\000n\000t\000e\000x\000t}{subsection.4.16.2}
\BOOKMARK [3][-]{subsubsection.4.16.2.18}{\376\377\000n\000e\000w\000C\000o\000n\000c\000e\000p\000t\000B\000u\000l\000k}{subsection.4.16.2}
\BOOKMARK [3][-]{subsubsection.4.16.2.19}{\376\377\000n\000e\000w\000C\000o\000n\000c\000e\000p\000t\000B\000u\000l\000k\000F\000r\000o\000m\000C\000o\000n\000t\000e\000x\000t}{subsection.4.16.2}
\BOOKMARK [3][-]{subsubsection.4.16.2.20}{\376\377\000n\000e\000w\000C\000o\000n\000c\000e\000p\000t\000C\000h\000u\000n\000k}{subsection.4.16.2}
\BOOKMARK [3][-]{subsubsection.4.16.2.21}{\376\377\000n\000e\000w\000F\000o\000r\000m\000a\000l\000C\000o\000n\000t\000e\000x\000t}{subsection.4.16.2}
\BOOKMARK [3][-]{subsubsection.4.16.2.22}{\376\377\000n\000e\000w\000F\000o\000r\000m\000a\000l\000C\000o\000n\000t\000e\000x\000t\000F\000r\000o\000m\000F\000i\000l\000e}{subsection.4.16.2}
\BOOKMARK [3][-]{subsubsection.4.16.2.23}{\376\377\000n\000e\000w\000F\000o\000r\000m\000a\000l\000C\000o\000n\000t\000e\000x\000t\000F\000r\000o\000m\000R\000a\000n\000d\000o\000m}{subsection.4.16.2}
\BOOKMARK [3][-]{subsubsection.4.16.2.24}{\376\377\000s\000F\000o\000r\000m\000a\000l\000C\000o\000n\000t\000e\000x\000t}{subsection.4.16.2}
\BOOKMARK [3][-]{subsubsection.4.16.2.25}{\376\377\000s\000F\000o\000r\000m\000a\000l\000I\000n\000t\000e\000n\000t}{subsection.4.16.2}
\BOOKMARK [3][-]{subsubsection.4.16.2.26}{\376\377\000s\000m\000y\000F\000o\000r\000m\000a\000l\000C\000o\000n\000c\000e\000p\000t\000I\000n\000t\000e\000n\000t\000C\000h\000u\000n\000k}{subsection.4.16.2}
\BOOKMARK [3][-]{subsubsection.4.16.2.27}{\376\377\000s\000m\000y\000F\000o\000r\000m\000a\000l\000C\000o\000n\000t\000e\000x\000t}{subsection.4.16.2}
\BOOKMARK [3][-]{subsubsection.4.16.2.28}{\376\377\000w\000r\000i\000t\000e\000C\000o\000n\000c\000e\000p\000t\000s\000T\000o\000F\000i\000l\000e}{subsection.4.16.2}
\BOOKMARK [3][-]{subsubsection.4.16.2.29}{\376\377\000w\000r\000i\000t\000e\000F\000o\000r\000m\000a\000l\000C\000o\000n\000t\000e\000x\000t}{subsection.4.16.2}
